#
# There is insufficient memory for the Java Runtime Environment to continue.
# Native memory allocation (mmap) failed to map 429916160 bytes for G1 virtual space
# Possible reasons:
#   The system is out of physical RAM or swap space
#   The process is running with CompressedOops enabled, and the Java Heap may be blocking the growth of the native heap
# Possible solutions:
#   Reduce memory load on the system
#   Increase physical memory or swap space
#   Check if swap backing store is full
#   Decrease Java heap size (-Xmx/-Xms)
#   Decrease number of Java threads
#   Decrease Java thread stack sizes (-Xss)
#   Set larger code cache with -XX:ReservedCodeCacheSize=
#   JVM is running with Zero Based Compressed Oops mode in which the Java heap is
#     placed in the first 32GB address space. The Java Heap base address is the
#     maximum limit for the native heap growth. Please use -XX:HeapBaseMinAddress
#     to set the Java Heap base and to place the Java Heap above 32GB virtual address.
# This output file may be truncated or incomplete.
#
#  Out of Memory Error (os_windows.cpp:3600), pid=15176, tid=5604
#
# JRE version: OpenJDK Runtime Environment Zulu21.28+85-CA (21.0+35) (build 21+35)
# Java VM: OpenJDK 64-Bit Server VM Zulu21.28+85-CA (21+35, mixed mode, sharing, tiered, compressed oops, compressed class ptrs, g1 gc, windows-amd64)
# No core dump will be written. Minidumps are not enabled by default on client versions of Windows
#

---------------  S U M M A R Y ------------

Command Line: -Dfile.encoding=UTF-8 main.EduHub

Host: AMD Ryzen 5 5600G with Radeon Graphics         , 12 cores, 15G,  Windows 11 , 64 bit Build 22621 (10.0.22621.2706)
Time: Sun Dec  3 13:23:41 2023 Malay Peninsula Standard Time elapsed time: 0.687610 seconds (0d 0h 0m 0s)

---------------  T H R E A D  ---------------

Current thread (0x00000226ff048240):  VMThread "VM Thread"          [id=5604, stack(0x00000057f5d00000,0x00000057f5e00000) (1024K)]

Stack: [0x00000057f5d00000,0x00000057f5e00000]
Native frames: (J=compiled Java code, j=interpreted, Vv=VM code, C=native code)
V  [jvm.dll+0x6ce729]
V  [jvm.dll+0x8a9401]
V  [jvm.dll+0x8ab67e]
V  [jvm.dll+0x8abd53]
V  [jvm.dll+0x283be6]
V  [jvm.dll+0x6cae15]
V  [jvm.dll+0x6bf80a]
V  [jvm.dll+0x358f2a]
V  [jvm.dll+0x360b06]
V  [jvm.dll+0x3b18ce]
V  [jvm.dll+0x3b1b78]
V  [jvm.dll+0x32c87c]
V  [jvm.dll+0x32c907]
V  [jvm.dll+0x3712fc]
V  [jvm.dll+0x36fafd]
V  [jvm.dll+0x32bff1]
V  [jvm.dll+0x36f528]
V  [jvm.dll+0x8b1858]
V  [jvm.dll+0x8b2954]
V  [jvm.dll+0x8b2e90]
V  [jvm.dll+0x8b3133]
V  [jvm.dll+0x852288]
V  [jvm.dll+0x6cce7d]
C  [ucrtbase.dll+0x29363]
C  [KERNEL32.DLL+0x1257d]
C  [ntdll.dll+0x5aa58]

VM_Operation (0x00000057f6cfbdf8): G1TryInitiateConcMark, mode: safepoint, requested by thread 0x00000226c706dce0


---------------  P R O C E S S  ---------------

Threads class SMR info:
_java_thread_list=0x00000226c72c4460, length=17, elements={
0x00000226de825b00, 0x00000226ff0671a0, 0x00000226ff067ec0, 0x00000226ff06b450,
0x00000226ff06cec0, 0x00000226ff06f540, 0x00000226ff06fce0, 0x00000226ff07b650,
0x00000226ff07be30, 0x00000226ff2e3cb0, 0x00000226ff2e48f0, 0x00000226ff5598b0,
0x00000226c7032660, 0x00000226c706dce0, 0x00000226ff2eb830, 0x00000226c72746b0,
0x00000226c7331910
}

Java Threads: ( => current thread )
  0x00000226de825b00 JavaThread "main"                              [_thread_blocked, id=19372, stack(0x00000057f5600000,0x00000057f5700000) (1024K)]
  0x00000226ff0671a0 JavaThread "Reference Handler"          daemon [_thread_blocked, id=6800, stack(0x00000057f5e00000,0x00000057f5f00000) (1024K)]
  0x00000226ff067ec0 JavaThread "Finalizer"                  daemon [_thread_blocked, id=17436, stack(0x00000057f5f00000,0x00000057f6000000) (1024K)]
  0x00000226ff06b450 JavaThread "Signal Dispatcher"          daemon [_thread_blocked, id=10544, stack(0x00000057f6000000,0x00000057f6100000) (1024K)]
  0x00000226ff06cec0 JavaThread "Attach Listener"            daemon [_thread_blocked, id=20308, stack(0x00000057f6100000,0x00000057f6200000) (1024K)]
  0x00000226ff06f540 JavaThread "Service Thread"             daemon [_thread_blocked, id=22268, stack(0x00000057f6200000,0x00000057f6300000) (1024K)]
  0x00000226ff06fce0 JavaThread "Monitor Deflation Thread"   daemon [_thread_blocked, id=18628, stack(0x00000057f6300000,0x00000057f6400000) (1024K)]
  0x00000226ff07b650 JavaThread "C2 CompilerThread0"         daemon [_thread_blocked, id=19716, stack(0x00000057f6400000,0x00000057f6500000) (1024K)]
  0x00000226ff07be30 JavaThread "C1 CompilerThread0"         daemon [_thread_blocked, id=15016, stack(0x00000057f6500000,0x00000057f6600000) (1024K)]
  0x00000226ff2e3cb0 JavaThread "Notification Thread"        daemon [_thread_blocked, id=20584, stack(0x00000057f6600000,0x00000057f6700000) (1024K)]
  0x00000226ff2e48f0 JavaThread "Common-Cleaner"             daemon [_thread_blocked, id=21596, stack(0x00000057f6700000,0x00000057f6800000) (1024K)]
  0x00000226ff5598b0 JavaThread "QuantumRenderer-0"          daemon [_thread_blocked, id=3316, stack(0x00000057f6800000,0x00000057f6900000) (1024K)]
  0x00000226c7032660 JavaThread "InvokeLaterDispatcher"      daemon [_thread_blocked, id=21576, stack(0x00000057f6b00000,0x00000057f6c00000) (1024K)]
  0x00000226c706dce0 JavaThread "JavaFX Application Thread"         [_thread_blocked, id=20640, stack(0x00000057f6c00000,0x00000057f6d00000) (1024K)]
  0x00000226ff2eb830 JavaThread "JavaFX-Launcher"                   [_thread_blocked, id=12624, stack(0x00000057f7600000,0x00000057f7700000) (1024K)]
  0x00000226c72746b0 JavaThread "Thread-2"                   daemon [_thread_blocked, id=20636, stack(0x00000057f7500000,0x00000057f7600000) (1024K)]
  0x00000226c7331910 JavaThread "C2 CompilerThread1"         daemon [_thread_blocked, id=22340, stack(0x00000057f7700000,0x00000057f7800000) (1024K)]
Total: 17

Other Threads:
=>0x00000226ff048240 VMThread "VM Thread"                           [id=5604, stack(0x00000057f5d00000,0x00000057f5e00000) (1024K)]
  0x00000226ff02f110 WatcherThread "VM Periodic Task Thread"        [id=10804, stack(0x00000057f5c00000,0x00000057f5d00000) (1024K)]
  0x00000226e0b237e0 WorkerThread "GC Thread#0"                     [id=18852, stack(0x00000057f5700000,0x00000057f5800000) (1024K)]
  0x00000226c7331fc0 WorkerThread "GC Thread#1"                     [id=8444, stack(0x00000057f7800000,0x00000057f7900000) (1024K)]
  0x00000226c7332360 WorkerThread "GC Thread#2"                     [id=20224, stack(0x00000057f7900000,0x00000057f7a00000) (1024K)]
  0x00000226c7332700 WorkerThread "GC Thread#3"                     [id=7072, stack(0x00000057f7a00000,0x00000057f7b00000) (1024K)]
  0x00000226c738d4e0 WorkerThread "GC Thread#4"                     [id=6792, stack(0x00000057f7b00000,0x00000057f7c00000) (1024K)]
  0x00000226c738d880 WorkerThread "GC Thread#5"                     [id=21408, stack(0x00000057f7c00000,0x00000057f7d00000) (1024K)]
  0x00000226c7416750 WorkerThread "GC Thread#6"                     [id=11076, stack(0x00000057f7f00000,0x00000057f8000000) (1024K)]
  0x00000226e0b33e30 ConcurrentGCThread "G1 Main Marker"            [id=10812, stack(0x00000057f5800000,0x00000057f5900000) (1024K)]
  0x00000226e0b358e0 WorkerThread "G1 Conc#0"                       [id=17280, stack(0x00000057f5900000,0x00000057f5a00000) (1024K)]
  0x00000226c738dc20 WorkerThread "G1 Conc#1"                       [id=16684, stack(0x00000057f7d00000,0x00000057f7e00000) (1024K)]
  0x00000226c74158d0 WorkerThread "G1 Conc#2"                       [id=18232, stack(0x00000057f7e00000,0x00000057f7f00000) (1024K)]
  0x00000226fef01560 ConcurrentGCThread "G1 Refine#0"               [id=5112, stack(0x00000057f5a00000,0x00000057f5b00000) (1024K)]
  0x00000226fef03e80 ConcurrentGCThread "G1 Service"                [id=21212, stack(0x00000057f5b00000,0x00000057f5c00000) (1024K)]
Total: 15

Threads with active compile tasks:
Total: 0

VM state: at safepoint (normal execution)

VM Mutex/Monitor currently owned by a thread:  ([mutex/lock_event])
[0x00007ff82203a998] Threads_lock - owner thread: 0x00000226ff048240
[0x00007ff82203aa98] Heap_lock - owner thread: 0x00000226c706dce0

Heap address: 0x000000070b400000, size: 3916 MB, Compressed Oops mode: Zero based, Oop shift amount: 3

CDS archive(s) mapped at: [0x0000022682000000-0x0000022682c90000-0x0000022682c90000), size 13172736, SharedBaseAddress: 0x0000022682000000, ArchiveRelocationMode: 1.
Compressed class space mapped at: 0x0000022683000000-0x00000226c3000000, reserved size: 1073741824
Narrow klass base: 0x0000022682000000, Narrow klass shift: 0, Narrow klass range: 0x100000000

GC Precious Log:
 CardTable entry size: 512
 Card Set container configuration: InlinePtr #cards 4 size 8 Array Of Cards #cards 16 size 48 Howl #buckets 8 coarsen threshold 3686 Howl Bitmap #cards 512 size 80 coarsen threshold 460 Card regions per heap region 1 cards per card region 4096
 CPUs: 12 total, 12 available
 Memory: 15663M
 Large Page Support: Disabled
 NUMA Support: Disabled
 Compressed Oops: Enabled (Zero based)
 Heap Region Size: 2M
 Heap Min Capacity: 8M
 Heap Initial Capacity: 246M
 Heap Max Capacity: 3916M
 Pre-touch: Disabled
 Parallel Workers: 10
 Concurrent Workers: 3
 Concurrent Refinement Workers: 10
 Periodic GC: Disabled

Heap:
 garbage-first heap   total 303104K, used 146412K [0x000000070b400000, 0x0000000800000000)
  region size 2048K, 1 young (2048K), 1 survivors (2048K)
 Metaspace       used 6123K, committed 6400K, reserved 1114112K
  class space    used 764K, committed 896K, reserved 1048576K

Heap Regions: E=young(eden), S=young(survivor), O=old, HS=humongous(starts), HC=humongous(continues), CS=collection set, F=free, TAMS=top-at-mark-start, PB=parsable bottom
|   0|0x000000070b400000, 0x000000070b600000, 0x000000070b600000|100%|HS|  |TAMS 0x000000070b600000| PB 0x000000070b400000| Complete 
|   1|0x000000070b600000, 0x000000070b800000, 0x000000070b800000|100%|HS|  |TAMS 0x000000070b800000| PB 0x000000070b600000| Complete 
|   2|0x000000070b800000, 0x000000070ba00000, 0x000000070ba00000|100%|HS|  |TAMS 0x000000070ba00000| PB 0x000000070b800000| Complete 
|   3|0x000000070ba00000, 0x000000070bc00000, 0x000000070bc00000|100%|HS|  |TAMS 0x000000070bc00000| PB 0x000000070ba00000| Complete 
|   4|0x000000070bc00000, 0x000000070be00000, 0x000000070be00000|100%|HS|  |TAMS 0x000000070be00000| PB 0x000000070bc00000| Complete 
|   5|0x000000070be00000, 0x000000070c000000, 0x000000070c000000|100%|HS|  |TAMS 0x000000070c000000| PB 0x000000070be00000| Complete 
|   6|0x000000070c000000, 0x000000070c200000, 0x000000070c200000|100%|HS|  |TAMS 0x000000070c200000| PB 0x000000070c000000| Complete 
|   7|0x000000070c200000, 0x000000070c400000, 0x000000070c400000|100%|HS|  |TAMS 0x000000070c400000| PB 0x000000070c200000| Complete 
|   8|0x000000070c400000, 0x000000070c600000, 0x000000070c600000|100%|HS|  |TAMS 0x000000070c600000| PB 0x000000070c400000| Complete 
|   9|0x000000070c600000, 0x000000070c800000, 0x000000070c800000|100%|HS|  |TAMS 0x000000070c800000| PB 0x000000070c600000| Complete 
|  10|0x000000070c800000, 0x000000070ca00000, 0x000000070ca00000|100%|HS|  |TAMS 0x000000070ca00000| PB 0x000000070c800000| Complete 
|  11|0x000000070ca00000, 0x000000070cc00000, 0x000000070cc00000|100%|HS|  |TAMS 0x000000070cc00000| PB 0x000000070ca00000| Complete 
|  12|0x000000070cc00000, 0x000000070ce00000, 0x000000070ce00000|100%|HS|  |TAMS 0x000000070ce00000| PB 0x000000070cc00000| Complete 
|  13|0x000000070ce00000, 0x000000070d000000, 0x000000070d000000|100%|HS|  |TAMS 0x000000070d000000| PB 0x000000070ce00000| Complete 
|  14|0x000000070d000000, 0x000000070d200000, 0x000000070d200000|100%|HS|  |TAMS 0x000000070d200000| PB 0x000000070d000000| Complete 
|  15|0x000000070d200000, 0x000000070d400000, 0x000000070d400000|100%|HS|  |TAMS 0x000000070d400000| PB 0x000000070d200000| Complete 
|  16|0x000000070d400000, 0x000000070d600000, 0x000000070d600000|100%|HS|  |TAMS 0x000000070d600000| PB 0x000000070d400000| Complete 
|  17|0x000000070d600000, 0x000000070d800000, 0x000000070d800000|100%|HS|  |TAMS 0x000000070d800000| PB 0x000000070d600000| Complete 
|  18|0x000000070d800000, 0x000000070da00000, 0x000000070da00000|100%|HS|  |TAMS 0x000000070da00000| PB 0x000000070d800000| Complete 
|  19|0x000000070da00000, 0x000000070dc00000, 0x000000070dc00000|100%|HS|  |TAMS 0x000000070dc00000| PB 0x000000070da00000| Complete 
|  20|0x000000070dc00000, 0x000000070de00000, 0x000000070de00000|100%|HS|  |TAMS 0x000000070de00000| PB 0x000000070dc00000| Complete 
|  21|0x000000070de00000, 0x000000070e000000, 0x000000070e000000|100%|HS|  |TAMS 0x000000070e000000| PB 0x000000070de00000| Complete 
|  22|0x000000070e000000, 0x000000070e200000, 0x000000070e200000|100%|HS|  |TAMS 0x000000070e200000| PB 0x000000070e000000| Complete 
|  23|0x000000070e200000, 0x000000070e400000, 0x000000070e400000|100%|HS|  |TAMS 0x000000070e400000| PB 0x000000070e200000| Complete 
|  24|0x000000070e400000, 0x000000070e600000, 0x000000070e600000|100%|HS|  |TAMS 0x000000070e600000| PB 0x000000070e400000| Complete 
|  25|0x000000070e600000, 0x000000070e800000, 0x000000070e800000|100%|HS|  |TAMS 0x000000070e800000| PB 0x000000070e600000| Complete 
|  26|0x000000070e800000, 0x000000070ea00000, 0x000000070ea00000|100%|HS|  |TAMS 0x000000070ea00000| PB 0x000000070e800000| Complete 
|  27|0x000000070ea00000, 0x000000070ec00000, 0x000000070ec00000|100%|HS|  |TAMS 0x000000070ec00000| PB 0x000000070ea00000| Complete 
|  28|0x000000070ec00000, 0x000000070ee00000, 0x000000070ee00000|100%|HS|  |TAMS 0x000000070ee00000| PB 0x000000070ec00000| Complete 
|  29|0x000000070ee00000, 0x000000070f000000, 0x000000070f000000|100%|HS|  |TAMS 0x000000070f000000| PB 0x000000070ee00000| Complete 
|  30|0x000000070f000000, 0x000000070f200000, 0x000000070f200000|100%|HS|  |TAMS 0x000000070f200000| PB 0x000000070f000000| Complete 
|  31|0x000000070f200000, 0x000000070f400000, 0x000000070f400000|100%|HS|  |TAMS 0x000000070f400000| PB 0x000000070f200000| Complete 
|  32|0x000000070f400000, 0x000000070f600000, 0x000000070f600000|100%|HS|  |TAMS 0x000000070f600000| PB 0x000000070f400000| Complete 
|  33|0x000000070f600000, 0x000000070f800000, 0x000000070f800000|100%|HS|  |TAMS 0x000000070f800000| PB 0x000000070f600000| Complete 
|  34|0x000000070f800000, 0x000000070fa00000, 0x000000070fa00000|100%|HS|  |TAMS 0x000000070fa00000| PB 0x000000070f800000| Complete 
|  35|0x000000070fa00000, 0x000000070fc00000, 0x000000070fc00000|100%|HS|  |TAMS 0x000000070fc00000| PB 0x000000070fa00000| Complete 
|  36|0x000000070fc00000, 0x000000070fe00000, 0x000000070fe00000|100%|HS|  |TAMS 0x000000070fe00000| PB 0x000000070fc00000| Complete 
|  37|0x000000070fe00000, 0x0000000710000000, 0x0000000710000000|100%|HS|  |TAMS 0x0000000710000000| PB 0x000000070fe00000| Complete 
|  38|0x0000000710000000, 0x0000000710200000, 0x0000000710200000|100%|HS|  |TAMS 0x0000000710200000| PB 0x0000000710000000| Complete 
|  39|0x0000000710200000, 0x0000000710400000, 0x0000000710400000|100%|HS|  |TAMS 0x0000000710400000| PB 0x0000000710200000| Complete 
|  40|0x0000000710400000, 0x0000000710600000, 0x0000000710600000|100%|HS|  |TAMS 0x0000000710600000| PB 0x0000000710400000| Complete 
|  41|0x0000000710600000, 0x0000000710800000, 0x0000000710800000|100%|HS|  |TAMS 0x0000000710800000| PB 0x0000000710600000| Complete 
|  42|0x0000000710800000, 0x0000000710a00000, 0x0000000710a00000|100%|HS|  |TAMS 0x0000000710a00000| PB 0x0000000710800000| Complete 
|  43|0x0000000710a00000, 0x0000000710c00000, 0x0000000710c00000|100%|HS|  |TAMS 0x0000000710c00000| PB 0x0000000710a00000| Complete 
|  44|0x0000000710c00000, 0x0000000710e00000, 0x0000000710e00000|100%|HS|  |TAMS 0x0000000710e00000| PB 0x0000000710c00000| Complete 
|  45|0x0000000710e00000, 0x0000000711000000, 0x0000000711000000|100%|HS|  |TAMS 0x0000000711000000| PB 0x0000000710e00000| Complete 
|  46|0x0000000711000000, 0x0000000711200000, 0x0000000711200000|100%|HS|  |TAMS 0x0000000711200000| PB 0x0000000711000000| Complete 
|  47|0x0000000711200000, 0x0000000711400000, 0x0000000711400000|100%|HS|  |TAMS 0x0000000711400000| PB 0x0000000711200000| Complete 
|  48|0x0000000711400000, 0x0000000711600000, 0x0000000711600000|100%|HS|  |TAMS 0x0000000711600000| PB 0x0000000711400000| Complete 
|  49|0x0000000711600000, 0x0000000711800000, 0x0000000711800000|100%|HS|  |TAMS 0x0000000711800000| PB 0x0000000711600000| Complete 
|  50|0x0000000711800000, 0x0000000711a00000, 0x0000000711a00000|100%|HS|  |TAMS 0x0000000711a00000| PB 0x0000000711800000| Complete 
|  51|0x0000000711a00000, 0x0000000711c00000, 0x0000000711c00000|100%|HS|  |TAMS 0x0000000711c00000| PB 0x0000000711a00000| Complete 
|  52|0x0000000711c00000, 0x0000000711e00000, 0x0000000711e00000|100%|HS|  |TAMS 0x0000000711e00000| PB 0x0000000711c00000| Complete 
|  53|0x0000000711e00000, 0x0000000712000000, 0x0000000712000000|100%|HS|  |TAMS 0x0000000712000000| PB 0x0000000711e00000| Complete 
|  54|0x0000000712000000, 0x0000000712200000, 0x0000000712200000|100%|HS|  |TAMS 0x0000000712200000| PB 0x0000000712000000| Complete 
|  55|0x0000000712200000, 0x0000000712400000, 0x0000000712400000|100%|HS|  |TAMS 0x0000000712400000| PB 0x0000000712200000| Complete 
|  56|0x0000000712400000, 0x0000000712600000, 0x0000000712600000|100%|HS|  |TAMS 0x0000000712600000| PB 0x0000000712400000| Complete 
|  57|0x0000000712600000, 0x0000000712800000, 0x0000000712800000|100%|HS|  |TAMS 0x0000000712800000| PB 0x0000000712600000| Complete 
|  58|0x0000000712800000, 0x0000000712a00000, 0x0000000712a00000|100%|HS|  |TAMS 0x0000000712a00000| PB 0x0000000712800000| Complete 
|  59|0x0000000712a00000, 0x0000000712c00000, 0x0000000712c00000|100%|HS|  |TAMS 0x0000000712c00000| PB 0x0000000712a00000| Complete 
|  60|0x0000000712c00000, 0x0000000712e00000, 0x0000000712e00000|100%|HS|  |TAMS 0x0000000712e00000| PB 0x0000000712c00000| Complete 
|  61|0x0000000712e00000, 0x0000000713000000, 0x0000000713000000|100%|HS|  |TAMS 0x0000000713000000| PB 0x0000000712e00000| Complete 
|  62|0x0000000713000000, 0x0000000713200000, 0x0000000713200000|100%|HS|  |TAMS 0x0000000713200000| PB 0x0000000713000000| Complete 
|  63|0x0000000713200000, 0x0000000713400000, 0x0000000713400000|100%|HS|  |TAMS 0x0000000713400000| PB 0x0000000713200000| Complete 
|  64|0x0000000713400000, 0x0000000713600000, 0x0000000713600000|100%|HS|  |TAMS 0x0000000713600000| PB 0x0000000713400000| Complete 
|  65|0x0000000713600000, 0x0000000713800000, 0x0000000713800000|100%|HS|  |TAMS 0x0000000713800000| PB 0x0000000713600000| Complete 
|  66|0x0000000713800000, 0x0000000713a00000, 0x0000000713a00000|100%|HS|  |TAMS 0x0000000713a00000| PB 0x0000000713800000| Complete 
|  67|0x0000000713a00000, 0x0000000713c00000, 0x0000000713c00000|100%|HS|  |TAMS 0x0000000713c00000| PB 0x0000000713a00000| Complete 
|  68|0x0000000713c00000, 0x0000000713e00000, 0x0000000713e00000|100%|HS|  |TAMS 0x0000000713e00000| PB 0x0000000713c00000| Complete 
|  69|0x0000000713e00000, 0x0000000714000000, 0x0000000714000000|100%| O|  |TAMS 0x0000000714000000| PB 0x0000000713e00000| Untracked 
|  70|0x0000000714000000, 0x000000071408cd28, 0x0000000714200000| 27%| O|  |TAMS 0x0000000714062a50| PB 0x0000000714000000| Untracked 
|  71|0x0000000714200000, 0x0000000714400000, 0x0000000714400000|100%|HS|  |TAMS 0x0000000714400000| PB 0x0000000714200000| Complete 
|  72|0x0000000714400000, 0x0000000714400000, 0x0000000714600000|  0%| F|  |TAMS 0x0000000714400000| PB 0x0000000714400000| Untracked 
|  73|0x0000000714600000, 0x0000000714600000, 0x0000000714800000|  0%| F|  |TAMS 0x0000000714600000| PB 0x0000000714600000| Untracked 
|  74|0x0000000714800000, 0x0000000714800000, 0x0000000714a00000|  0%| F|  |TAMS 0x0000000714800000| PB 0x0000000714800000| Untracked 
|  75|0x0000000714a00000, 0x0000000714a00000, 0x0000000714c00000|  0%| F|  |TAMS 0x0000000714a00000| PB 0x0000000714a00000| Untracked 
|  76|0x0000000714c00000, 0x0000000714c00000, 0x0000000714e00000|  0%| F|  |TAMS 0x0000000714c00000| PB 0x0000000714c00000| Untracked 
|  77|0x0000000714e00000, 0x0000000714e00000, 0x0000000715000000|  0%| F|  |TAMS 0x0000000714e00000| PB 0x0000000714e00000| Untracked 
|  78|0x0000000715000000, 0x0000000715000000, 0x0000000715200000|  0%| F|  |TAMS 0x0000000715000000| PB 0x0000000715000000| Untracked 
|  79|0x0000000715200000, 0x0000000715200000, 0x0000000715400000|  0%| F|  |TAMS 0x0000000715200000| PB 0x0000000715200000| Untracked 
|  80|0x0000000715400000, 0x0000000715400000, 0x0000000715600000|  0%| F|  |TAMS 0x0000000715400000| PB 0x0000000715400000| Untracked 
|  81|0x0000000715600000, 0x0000000715600000, 0x0000000715800000|  0%| F|  |TAMS 0x0000000715600000| PB 0x0000000715600000| Untracked 
|  82|0x0000000715800000, 0x0000000715800000, 0x0000000715a00000|  0%| F|  |TAMS 0x0000000715800000| PB 0x0000000715800000| Untracked 
|  83|0x0000000715a00000, 0x0000000715a00000, 0x0000000715c00000|  0%| F|  |TAMS 0x0000000715a00000| PB 0x0000000715a00000| Untracked 
|  84|0x0000000715c00000, 0x0000000715c00000, 0x0000000715e00000|  0%| F|  |TAMS 0x0000000715c00000| PB 0x0000000715c00000| Untracked 
|  85|0x0000000715e00000, 0x0000000715e00000, 0x0000000716000000|  0%| F|  |TAMS 0x0000000715e00000| PB 0x0000000715e00000| Untracked 
|  86|0x0000000716000000, 0x0000000716000000, 0x0000000716200000|  0%| F|  |TAMS 0x0000000716000000| PB 0x0000000716000000| Untracked 
|  87|0x0000000716200000, 0x0000000716200000, 0x0000000716400000|  0%| F|  |TAMS 0x0000000716200000| PB 0x0000000716200000| Untracked 
|  88|0x0000000716400000, 0x0000000716400000, 0x0000000716600000|  0%| F|  |TAMS 0x0000000716400000| PB 0x0000000716400000| Untracked 
|  89|0x0000000716600000, 0x0000000716600000, 0x0000000716800000|  0%| F|  |TAMS 0x0000000716600000| PB 0x0000000716600000| Untracked 
|  90|0x0000000716800000, 0x0000000716800000, 0x0000000716a00000|  0%| F|  |TAMS 0x0000000716800000| PB 0x0000000716800000| Untracked 
|  91|0x0000000716a00000, 0x0000000716a00000, 0x0000000716c00000|  0%| F|  |TAMS 0x0000000716a00000| PB 0x0000000716a00000| Untracked 
|  92|0x0000000716c00000, 0x0000000716c00000, 0x0000000716e00000|  0%| F|  |TAMS 0x0000000716c00000| PB 0x0000000716c00000| Untracked 
|  93|0x0000000716e00000, 0x0000000716e00000, 0x0000000717000000|  0%| F|  |TAMS 0x0000000716e00000| PB 0x0000000716e00000| Untracked 
|  94|0x0000000717000000, 0x0000000717000000, 0x0000000717200000|  0%| F|  |TAMS 0x0000000717000000| PB 0x0000000717000000| Untracked 
|  95|0x0000000717200000, 0x0000000717200000, 0x0000000717400000|  0%| F|  |TAMS 0x0000000717200000| PB 0x0000000717200000| Untracked 
|  96|0x0000000717400000, 0x0000000717400000, 0x0000000717600000|  0%| F|  |TAMS 0x0000000717400000| PB 0x0000000717400000| Untracked 
|  97|0x0000000717600000, 0x0000000717600000, 0x0000000717800000|  0%| F|  |TAMS 0x0000000717600000| PB 0x0000000717600000| Untracked 
|  98|0x0000000717800000, 0x0000000717800000, 0x0000000717a00000|  0%| F|  |TAMS 0x0000000717800000| PB 0x0000000717800000| Untracked 
|  99|0x0000000717a00000, 0x0000000717a00000, 0x0000000717c00000|  0%| F|  |TAMS 0x0000000717a00000| PB 0x0000000717a00000| Untracked 
| 100|0x0000000717c00000, 0x0000000717c00000, 0x0000000717e00000|  0%| F|  |TAMS 0x0000000717c00000| PB 0x0000000717c00000| Untracked 
| 101|0x0000000717e00000, 0x0000000717e00000, 0x0000000718000000|  0%| F|  |TAMS 0x0000000717e00000| PB 0x0000000717e00000| Untracked 
| 102|0x0000000718000000, 0x0000000718000000, 0x0000000718200000|  0%| F|  |TAMS 0x0000000718000000| PB 0x0000000718000000| Untracked 
| 103|0x0000000718200000, 0x0000000718200000, 0x0000000718400000|  0%| F|  |TAMS 0x0000000718200000| PB 0x0000000718200000| Untracked 
| 104|0x0000000718400000, 0x0000000718400000, 0x0000000718600000|  0%| F|  |TAMS 0x0000000718400000| PB 0x0000000718400000| Untracked 
| 105|0x0000000718600000, 0x0000000718600000, 0x0000000718800000|  0%| F|  |TAMS 0x0000000718600000| PB 0x0000000718600000| Untracked 
| 106|0x0000000718800000, 0x0000000718800000, 0x0000000718a00000|  0%| F|  |TAMS 0x0000000718800000| PB 0x0000000718800000| Untracked 
| 107|0x0000000718a00000, 0x0000000718a00000, 0x0000000718c00000|  0%| F|  |TAMS 0x0000000718a00000| PB 0x0000000718a00000| Untracked 
| 108|0x0000000718c00000, 0x0000000718c00000, 0x0000000718e00000|  0%| F|  |TAMS 0x0000000718c00000| PB 0x0000000718c00000| Untracked 
| 109|0x0000000718e00000, 0x0000000718e00000, 0x0000000719000000|  0%| F|  |TAMS 0x0000000718e00000| PB 0x0000000718e00000| Untracked 
| 110|0x0000000719000000, 0x0000000719000000, 0x0000000719200000|  0%| F|  |TAMS 0x0000000719000000| PB 0x0000000719000000| Untracked 
| 111|0x0000000719200000, 0x0000000719200000, 0x0000000719400000|  0%| F|  |TAMS 0x0000000719200000| PB 0x0000000719200000| Untracked 
| 112|0x0000000719400000, 0x0000000719400000, 0x0000000719600000|  0%| F|  |TAMS 0x0000000719400000| PB 0x0000000719400000| Untracked 
| 113|0x0000000719600000, 0x0000000719600000, 0x0000000719800000|  0%| F|  |TAMS 0x0000000719600000| PB 0x0000000719600000| Untracked 
| 114|0x0000000719800000, 0x0000000719800000, 0x0000000719a00000|  0%| F|  |TAMS 0x0000000719800000| PB 0x0000000719800000| Untracked 
| 115|0x0000000719a00000, 0x0000000719a00000, 0x0000000719c00000|  0%| F|  |TAMS 0x0000000719a00000| PB 0x0000000719a00000| Untracked 
| 116|0x0000000719c00000, 0x0000000719c00000, 0x0000000719e00000|  0%| F|  |TAMS 0x0000000719c00000| PB 0x0000000719c00000| Untracked 
| 117|0x0000000719e00000, 0x0000000719e00000, 0x000000071a000000|  0%| F|  |TAMS 0x0000000719e00000| PB 0x0000000719e00000| Untracked 
| 118|0x000000071a000000, 0x000000071a000000, 0x000000071a200000|  0%| F|  |TAMS 0x000000071a000000| PB 0x000000071a000000| Untracked 
| 119|0x000000071a200000, 0x000000071a200000, 0x000000071a400000|  0%| F|  |TAMS 0x000000071a200000| PB 0x000000071a200000| Untracked 
| 120|0x000000071a400000, 0x000000071a400000, 0x000000071a600000|  0%| F|  |TAMS 0x000000071a400000| PB 0x000000071a400000| Untracked 
| 121|0x000000071a600000, 0x000000071a600000, 0x000000071a800000|  0%| F|  |TAMS 0x000000071a600000| PB 0x000000071a600000| Untracked 
| 122|0x000000071a800000, 0x000000071a800000, 0x000000071aa00000|  0%| F|  |TAMS 0x000000071a800000| PB 0x000000071a800000| Untracked 
| 123|0x000000071aa00000, 0x000000071aa00000, 0x000000071ac00000|  0%| F|  |TAMS 0x000000071aa00000| PB 0x000000071aa00000| Untracked 
| 124|0x000000071ac00000, 0x000000071ac00000, 0x000000071ae00000|  0%| F|  |TAMS 0x000000071ac00000| PB 0x000000071ac00000| Untracked 
| 125|0x000000071ae00000, 0x000000071ae00000, 0x000000071b000000|  0%| F|  |TAMS 0x000000071ae00000| PB 0x000000071ae00000| Untracked 
| 126|0x000000071b000000, 0x000000071b000000, 0x000000071b200000|  0%| F|  |TAMS 0x000000071b000000| PB 0x000000071b000000| Untracked 
| 127|0x000000071b200000, 0x000000071b200000, 0x000000071b400000|  0%| F|  |TAMS 0x000000071b200000| PB 0x000000071b200000| Untracked 
| 128|0x000000071b400000, 0x000000071b400000, 0x000000071b600000|  0%| F|  |TAMS 0x000000071b400000| PB 0x000000071b400000| Untracked 
| 129|0x000000071b600000, 0x000000071b600000, 0x000000071b800000|  0%| F|  |TAMS 0x000000071b600000| PB 0x000000071b600000| Untracked 
| 130|0x000000071b800000, 0x000000071b800000, 0x000000071ba00000|  0%| F|  |TAMS 0x000000071b800000| PB 0x000000071b800000| Untracked 
| 131|0x000000071ba00000, 0x000000071ba00000, 0x000000071bc00000|  0%| F|  |TAMS 0x000000071ba00000| PB 0x000000071ba00000| Untracked 
| 132|0x000000071bc00000, 0x000000071bc00000, 0x000000071be00000|  0%| F|  |TAMS 0x000000071bc00000| PB 0x000000071bc00000| Untracked 
| 133|0x000000071be00000, 0x000000071be00000, 0x000000071c000000|  0%| F|  |TAMS 0x000000071be00000| PB 0x000000071be00000| Untracked 
| 134|0x000000071c000000, 0x000000071c000000, 0x000000071c200000|  0%| F|  |TAMS 0x000000071c000000| PB 0x000000071c000000| Untracked 
| 135|0x000000071c200000, 0x000000071c200000, 0x000000071c400000|  0%| F|  |TAMS 0x000000071c200000| PB 0x000000071c200000| Untracked 
| 136|0x000000071c400000, 0x000000071c400000, 0x000000071c600000|  0%| F|  |TAMS 0x000000071c400000| PB 0x000000071c400000| Untracked 
| 137|0x000000071c600000, 0x000000071c600000, 0x000000071c800000|  0%| F|  |TAMS 0x000000071c600000| PB 0x000000071c600000| Untracked 
| 138|0x000000071c800000, 0x000000071c800000, 0x000000071ca00000|  0%| F|  |TAMS 0x000000071c800000| PB 0x000000071c800000| Untracked 
| 139|0x000000071ca00000, 0x000000071ca00000, 0x000000071cc00000|  0%| F|  |TAMS 0x000000071ca00000| PB 0x000000071ca00000| Untracked 
| 140|0x000000071cc00000, 0x000000071cc00000, 0x000000071ce00000|  0%| F|  |TAMS 0x000000071cc00000| PB 0x000000071cc00000| Untracked 
| 141|0x000000071ce00000, 0x000000071ce00000, 0x000000071d000000|  0%| F|  |TAMS 0x000000071ce00000| PB 0x000000071ce00000| Untracked 
| 142|0x000000071d000000, 0x000000071d000000, 0x000000071d200000|  0%| F|  |TAMS 0x000000071d000000| PB 0x000000071d000000| Untracked 
| 143|0x000000071d200000, 0x000000071d200000, 0x000000071d400000|  0%| F|  |TAMS 0x000000071d200000| PB 0x000000071d200000| Untracked 
| 144|0x000000071d400000, 0x000000071d400000, 0x000000071d600000|  0%| F|  |TAMS 0x000000071d400000| PB 0x000000071d400000| Untracked 
| 145|0x000000071d600000, 0x000000071d600000, 0x000000071d800000|  0%| F|  |TAMS 0x000000071d600000| PB 0x000000071d600000| Untracked 
| 146|0x000000071d800000, 0x000000071d86e560, 0x000000071da00000| 21%| S|CS|TAMS 0x000000071d800000| PB 0x000000071d800000| Complete 
| 147|0x000000071da00000, 0x000000071da00000, 0x000000071dc00000|  0%| F|  |TAMS 0x000000071da00000| PB 0x000000071da00000| Untracked 

Card table byte_map: [0x00000226f9f40000,0x00000226fa6f0000] _byte_map_base: 0x00000226f66e6000

Marking Bits: (CMBitMap*) 0x00000226e0b23ee0
 Bits: [0x00000226fa6f0000, 0x00000226fe420000)

Polling page: 0x00000226de9f0000

Metaspace:

Usage:
  Non-class:      5.23 MB used.
      Class:    764.56 KB used.
       Both:      5.98 MB used.

Virtual space:
  Non-class space:       64.00 MB reserved,       5.38 MB (  8%) committed,  1 nodes.
      Class space:        1.00 GB reserved,     896.00 KB ( <1%) committed,  1 nodes.
             Both:        1.06 GB reserved,       6.25 MB ( <1%) committed. 

Chunk freelists:
   Non-Class:  8.39 MB
       Class:  15.09 MB
        Both:  23.48 MB

MaxMetaspaceSize: unlimited
CompressedClassSpaceSize: 1.00 GB
Initial GC threshold: 21.00 MB
Current GC threshold: 21.00 MB
CDS: on
 - commit_granule_bytes: 65536.
 - commit_granule_words: 8192.
 - virtual_space_node_default_size: 8388608.
 - enlarge_chunks_in_place: 1.
 - use_allocation_guard: 0.


Internal statistics:

num_allocs_failed_limit: 0.
num_arena_births: 168.
num_arena_deaths: 0.
num_vsnodes_births: 2.
num_vsnodes_deaths: 0.
num_space_committed: 100.
num_space_uncommitted: 0.
num_chunks_returned_to_freelist: 0.
num_chunks_taken_from_freelist: 360.
num_chunk_merges: 0.
num_chunk_splits: 252.
num_chunks_enlarged: 176.
num_inconsistent_stats: 0.

CodeHeap 'non-profiled nmethods': size=120000Kb used=285Kb max_used=292Kb free=119715Kb
 bounds [0x00000226f1d10000, 0x00000226f1f80000, 0x00000226f9240000]
CodeHeap 'profiled nmethods': size=120000Kb used=936Kb max_used=1075Kb free=119063Kb
 bounds [0x00000226ea240000, 0x00000226ea4b0000, 0x00000226f1770000]
CodeHeap 'non-nmethods': size=5760Kb used=1482Kb max_used=1511Kb free=4278Kb
 bounds [0x00000226f1770000, 0x00000226f19e0000, 0x00000226f1d10000]
 total_blobs=1209 nmethods=647 adapters=467
 compilation: enabled
              stopped_count=0, restarted_count=0
 full_count=0

Compilation events (20 events):
Event: 0.535 Thread 0x00000226ff07b650 nmethod 704 0x00000226f1d50190 code [0x00000226f1d503a0, 0x00000226f1d50948]
Event: 0.535 Thread 0x00000226c7331910 nmethod 705 0x00000226f1d50e10 code [0x00000226f1d50fa0, 0x00000226f1d510d0]
Event: 0.541 Thread 0x00000226c7331910  707       4       com.sun.javafx.iio.gif.GIFImageLoader2$LZWDecoder::readData (52 bytes)
Event: 0.544 Thread 0x00000226ff07b650  708       4       java.io.BufferedInputStream::read1 (121 bytes)
Event: 0.546 Thread 0x00000226ff07b650 nmethod 708 0x00000226f1d51210 code [0x00000226f1d513e0, 0x00000226f1d516e0]
Event: 0.549 Thread 0x00000226ff07b650  709       4       java.io.BufferedInputStream::implRead (112 bytes)
Event: 0.555 Thread 0x00000226ff07b650 nmethod 709 0x00000226f1d51910 code [0x00000226f1d51b60, 0x00000226f1d52430]
Event: 0.555 Thread 0x00000226ff07b650  710       4       com.sun.javafx.iio.gif.GIFImageLoader2::readBytes (44 bytes)
Event: 0.558 Thread 0x00000226c7331910 nmethod 707 0x00000226f1d52c90 code [0x00000226f1d53020, 0x00000226f1d54e90]
Event: 0.572 Thread 0x00000226ff07b650 nmethod 710 0x00000226f1d56790 code [0x00000226f1d56a80, 0x00000226f1d57d88]
Event: 0.581 Thread 0x00000226ff07be30  711       3       com.sun.javafx.iio.gif.GIFImageLoader2::readShort (17 bytes)
Event: 0.581 Thread 0x00000226ff07be30 nmethod 711 0x00000226ea34c310 code [0x00000226ea34c520, 0x00000226ea34ca88]
Event: 0.632 Thread 0x00000226ff07be30  713   !   3       java.io.FileInputStream::read (32 bytes)
Event: 0.633 Thread 0x00000226ff07be30 nmethod 713 0x00000226ea242510 code [0x00000226ea2426e0, 0x00000226ea242910]
Event: 0.637 Thread 0x00000226ff07be30  714       3       java.util.HashSet::isEmpty (8 bytes)
Event: 0.637 Thread 0x00000226ff07be30 nmethod 714 0x00000226ea255d10 code [0x00000226ea255ec0, 0x00000226ea256118]
Event: 0.649 Thread 0x00000226ff07be30  716       3       java.io.BufferedInputStream::fill (204 bytes)
Event: 0.650 Thread 0x00000226ff07be30 nmethod 716 0x00000226ea247d90 code [0x00000226ea248000, 0x00000226ea248b98]
Event: 0.650 Thread 0x00000226ff07be30  717       3       java.io.BufferedInputStream::getInIfOpen (21 bytes)
Event: 0.650 Thread 0x00000226ff07be30 nmethod 717 0x00000226ea245310 code [0x00000226ea2454c0, 0x00000226ea2456d8]

GC Heap History (20 events):
Event: 0.623 GC heap after
{Heap after GC invocations=11 (full 0):
 garbage-first heap   total 251904K, used 125859K [0x000000070b400000, 0x0000000800000000)
  region size 2048K, 2 young (4096K), 2 survivors (4096K)
 Metaspace       used 6123K, committed 6400K, reserved 1114112K
  class space    used 764K, committed 896K, reserved 1048576K
}
Event: 0.627 GC heap before
{Heap before GC invocations=12 (full 0):
 garbage-first heap   total 251904K, used 127907K [0x000000070b400000, 0x0000000800000000)
  region size 2048K, 3 young (6144K), 2 survivors (4096K)
 Metaspace       used 6123K, committed 6400K, reserved 1114112K
  class space    used 764K, committed 896K, reserved 1048576K
}
Event: 0.628 GC heap after
{Heap after GC invocations=13 (full 0):
 garbage-first heap   total 251904K, used 128352K [0x000000070b400000, 0x0000000800000000)
  region size 2048K, 2 young (4096K), 2 survivors (4096K)
 Metaspace       used 6123K, committed 6400K, reserved 1114112K
  class space    used 764K, committed 896K, reserved 1048576K
}
Event: 0.634 GC heap before
{Heap before GC invocations=14 (full 0):
 garbage-first heap   total 251904K, used 130400K [0x000000070b400000, 0x0000000800000000)
  region size 2048K, 3 young (6144K), 2 survivors (4096K)
 Metaspace       used 6123K, committed 6400K, reserved 1114112K
  class space    used 764K, committed 896K, reserved 1048576K
}
Event: 0.636 GC heap after
{Heap after GC invocations=15 (full 0):
 garbage-first heap   total 251904K, used 129902K [0x000000070b400000, 0x0000000800000000)
  region size 2048K, 2 young (4096K), 2 survivors (4096K)
 Metaspace       used 6123K, committed 6400K, reserved 1114112K
  class space    used 764K, committed 896K, reserved 1048576K
}
Event: 0.639 GC heap before
{Heap before GC invocations=16 (full 0):
 garbage-first heap   total 251904K, used 131950K [0x000000070b400000, 0x0000000800000000)
  region size 2048K, 3 young (6144K), 2 survivors (4096K)
 Metaspace       used 6123K, committed 6400K, reserved 1114112K
  class space    used 764K, committed 896K, reserved 1048576K
}
Event: 0.640 GC heap after
{Heap after GC invocations=17 (full 0):
 garbage-first heap   total 251904K, used 132438K [0x000000070b400000, 0x0000000800000000)
  region size 2048K, 2 young (4096K), 2 survivors (4096K)
 Metaspace       used 6123K, committed 6400K, reserved 1114112K
  class space    used 764K, committed 896K, reserved 1048576K
}
Event: 0.644 GC heap before
{Heap before GC invocations=18 (full 0):
 garbage-first heap   total 251904K, used 134486K [0x000000070b400000, 0x0000000800000000)
  region size 2048K, 3 young (6144K), 2 survivors (4096K)
 Metaspace       used 6123K, committed 6400K, reserved 1114112K
  class space    used 764K, committed 896K, reserved 1048576K
}
Event: 0.646 GC heap after
{Heap after GC invocations=19 (full 0):
 garbage-first heap   total 251904K, used 134319K [0x000000070b400000, 0x0000000800000000)
  region size 2048K, 2 young (4096K), 2 survivors (4096K)
 Metaspace       used 6123K, committed 6400K, reserved 1114112K
  class space    used 764K, committed 896K, reserved 1048576K
}
Event: 0.651 GC heap before
{Heap before GC invocations=20 (full 0):
 garbage-first heap   total 251904K, used 136367K [0x000000070b400000, 0x0000000800000000)
  region size 2048K, 3 young (6144K), 2 survivors (4096K)
 Metaspace       used 6123K, committed 6400K, reserved 1114112K
  class space    used 764K, committed 896K, reserved 1048576K
}
Event: 0.652 GC heap after
{Heap after GC invocations=21 (full 0):
 garbage-first heap   total 303104K, used 135968K [0x000000070b400000, 0x0000000800000000)
  region size 2048K, 2 young (4096K), 2 survivors (4096K)
 Metaspace       used 6123K, committed 6400K, reserved 1114112K
  class space    used 764K, committed 896K, reserved 1048576K
}
Event: 0.657 GC heap before
{Heap before GC invocations=21 (full 0):
 garbage-first heap   total 303104K, used 138016K [0x000000070b400000, 0x0000000800000000)
  region size 2048K, 3 young (6144K), 2 survivors (4096K)
 Metaspace       used 6123K, committed 6400K, reserved 1114112K
  class space    used 764K, committed 896K, reserved 1048576K
}
Event: 0.659 GC heap after
{Heap after GC invocations=22 (full 0):
 garbage-first heap   total 303104K, used 138135K [0x000000070b400000, 0x0000000800000000)
  region size 2048K, 2 young (4096K), 2 survivors (4096K)
 Metaspace       used 6123K, committed 6400K, reserved 1114112K
  class space    used 764K, committed 896K, reserved 1048576K
}
Event: 0.665 GC heap before
{Heap before GC invocations=22 (full 0):
 garbage-first heap   total 303104K, used 140183K [0x000000070b400000, 0x0000000800000000)
  region size 2048K, 3 young (6144K), 2 survivors (4096K)
 Metaspace       used 6123K, committed 6400K, reserved 1114112K
  class space    used 764K, committed 896K, reserved 1048576K
}
Event: 0.667 GC heap after
{Heap after GC invocations=23 (full 0):
 garbage-first heap   total 303104K, used 140189K [0x000000070b400000, 0x0000000800000000)
  region size 2048K, 2 young (4096K), 2 survivors (4096K)
 Metaspace       used 6123K, committed 6400K, reserved 1114112K
  class space    used 764K, committed 896K, reserved 1048576K
}
Event: 0.672 GC heap before
{Heap before GC invocations=24 (full 0):
 garbage-first heap   total 303104K, used 142237K [0x000000070b400000, 0x0000000800000000)
  region size 2048K, 3 young (6144K), 2 survivors (4096K)
 Metaspace       used 6123K, committed 6400K, reserved 1114112K
  class space    used 764K, committed 896K, reserved 1048576K
}
Event: 0.673 GC heap after
{Heap after GC invocations=25 (full 0):
 garbage-first heap   total 303104K, used 142225K [0x000000070b400000, 0x0000000800000000)
  region size 2048K, 2 young (4096K), 2 survivors (4096K)
 Metaspace       used 6123K, committed 6400K, reserved 1114112K
  class space    used 764K, committed 896K, reserved 1048576K
}
Event: 0.677 GC heap before
{Heap before GC invocations=26 (full 0):
 garbage-first heap   total 303104K, used 144273K [0x000000070b400000, 0x0000000800000000)
  region size 2048K, 3 young (6144K), 2 survivors (4096K)
 Metaspace       used 6123K, committed 6400K, reserved 1114112K
  class space    used 764K, committed 896K, reserved 1048576K
}
Event: 0.679 GC heap after
{Heap after GC invocations=27 (full 0):
 garbage-first heap   total 303104K, used 144332K [0x000000070b400000, 0x0000000800000000)
  region size 2048K, 1 young (2048K), 1 survivors (2048K)
 Metaspace       used 6123K, committed 6400K, reserved 1114112K
  class space    used 764K, committed 896K, reserved 1048576K
}
Event: 0.682 GC heap before
{Heap before GC invocations=28 (full 0):
 garbage-first heap   total 303104K, used 146380K [0x000000070b400000, 0x0000000800000000)
  region size 2048K, 2 young (4096K), 1 survivors (2048K)
 Metaspace       used 6123K, committed 6400K, reserved 1114112K
  class space    used 764K, committed 896K, reserved 1048576K
}

Dll operation events (20 events):
Event: 0.178 Loaded shared library C:\Program Files\Java\zulu21.28.85-ca-fx-jdk21.0.0-win_x64\bin\api-ms-win-crt-filesystem-l1-1-0.dll
Event: 0.180 Loaded shared library C:\Program Files\Java\zulu21.28.85-ca-fx-jdk21.0.0-win_x64\bin\api-ms-win-crt-heap-l1-1-0.dll
Event: 0.183 Loaded shared library C:\Program Files\Java\zulu21.28.85-ca-fx-jdk21.0.0-win_x64\bin\api-ms-win-crt-locale-l1-1-0.dll
Event: 0.185 Loaded shared library C:\Program Files\Java\zulu21.28.85-ca-fx-jdk21.0.0-win_x64\bin\api-ms-win-crt-math-l1-1-0.dll
Event: 0.188 Loaded shared library C:\Program Files\Java\zulu21.28.85-ca-fx-jdk21.0.0-win_x64\bin\api-ms-win-crt-multibyte-l1-1-0.dll
Event: 0.190 Loaded shared library C:\Program Files\Java\zulu21.28.85-ca-fx-jdk21.0.0-win_x64\bin\api-ms-win-crt-private-l1-1-0.dll
Event: 0.192 Loaded shared library C:\Program Files\Java\zulu21.28.85-ca-fx-jdk21.0.0-win_x64\bin\api-ms-win-crt-process-l1-1-0.dll
Event: 0.193 Loaded shared library C:\Program Files\Java\zulu21.28.85-ca-fx-jdk21.0.0-win_x64\bin\api-ms-win-crt-runtime-l1-1-0.dll
Event: 0.195 Loaded shared library C:\Program Files\Java\zulu21.28.85-ca-fx-jdk21.0.0-win_x64\bin\api-ms-win-crt-stdio-l1-1-0.dll
Event: 0.196 Loaded shared library C:\Program Files\Java\zulu21.28.85-ca-fx-jdk21.0.0-win_x64\bin\api-ms-win-crt-string-l1-1-0.dll
Event: 0.198 Loaded shared library C:\Program Files\Java\zulu21.28.85-ca-fx-jdk21.0.0-win_x64\bin\api-ms-win-crt-time-l1-1-0.dll
Event: 0.199 Loaded shared library C:\Program Files\Java\zulu21.28.85-ca-fx-jdk21.0.0-win_x64\bin\api-ms-win-crt-utility-l1-1-0.dll
Event: 0.201 Loaded shared library C:\Program Files\Java\zulu21.28.85-ca-fx-jdk21.0.0-win_x64\bin\ucrtbase.dll
Event: 0.202 Loaded shared library C:\Program Files\Java\zulu21.28.85-ca-fx-jdk21.0.0-win_x64\bin\vcruntime140.dll
Event: 0.202 Loaded shared library C:\Program Files\Java\zulu21.28.85-ca-fx-jdk21.0.0-win_x64\bin\vcruntime140_1.dll
Event: 0.203 Loaded shared library C:\Program Files\Java\zulu21.28.85-ca-fx-jdk21.0.0-win_x64\bin\msvcp140.dll
Event: 0.204 Loaded shared library C:\Program Files\Java\zulu21.28.85-ca-fx-jdk21.0.0-win_x64\bin\msvcp140_1.dll
Event: 0.205 Loaded shared library C:\Program Files\Java\zulu21.28.85-ca-fx-jdk21.0.0-win_x64\bin\msvcp140_2.dll
Event: 0.225 Loaded shared library C:\Program Files\Java\zulu21.28.85-ca-fx-jdk21.0.0-win_x64\bin\prism_d3d.dll
Event: 0.251 Loaded shared library C:\Program Files\Java\zulu21.28.85-ca-fx-jdk21.0.0-win_x64\bin\glass.dll

Deoptimization events (20 events):
Event: 0.493 Thread 0x00000226c706dce0 DEOPT PACKING pc=0x00000226ea342006 sp=0x00000057f6cfd560
Event: 0.493 Thread 0x00000226c706dce0 DEOPT UNPACKING pc=0x00000226f17c4e42 sp=0x00000057f6cfca80 mode 0
Event: 0.496 Thread 0x00000226c706dce0 DEOPT PACKING pc=0x00000226ea342006 sp=0x00000057f6cfd560
Event: 0.496 Thread 0x00000226c706dce0 DEOPT UNPACKING pc=0x00000226f17c4e42 sp=0x00000057f6cfca80 mode 0
Event: 0.499 Thread 0x00000226c706dce0 DEOPT PACKING pc=0x00000226ea342006 sp=0x00000057f6cfd560
Event: 0.499 Thread 0x00000226c706dce0 DEOPT UNPACKING pc=0x00000226f17c4e42 sp=0x00000057f6cfca80 mode 0
Event: 0.502 Thread 0x00000226c706dce0 DEOPT PACKING pc=0x00000226ea342006 sp=0x00000057f6cfd560
Event: 0.502 Thread 0x00000226c706dce0 DEOPT UNPACKING pc=0x00000226f17c4e42 sp=0x00000057f6cfca80 mode 0
Event: 0.506 Thread 0x00000226c706dce0 DEOPT PACKING pc=0x00000226ea342006 sp=0x00000057f6cfd560
Event: 0.506 Thread 0x00000226c706dce0 DEOPT UNPACKING pc=0x00000226f17c4e42 sp=0x00000057f6cfca80 mode 0
Event: 0.509 Thread 0x00000226c706dce0 DEOPT PACKING pc=0x00000226ea342006 sp=0x00000057f6cfd560
Event: 0.509 Thread 0x00000226c706dce0 DEOPT UNPACKING pc=0x00000226f17c4e42 sp=0x00000057f6cfca80 mode 0
Event: 0.524 Thread 0x00000226ff0671a0 Uncommon trap: trap_request=0xffffff45 fr.pc=0x00000226f1d4cf60 relative=0x0000000000000040
Event: 0.524 Thread 0x00000226ff0671a0 Uncommon trap: reason=unstable_if action=reinterpret pc=0x00000226f1d4cf60 method=java.util.concurrent.locks.AbstractQueuedSynchronizer.signalNext(Ljava/util/concurrent/locks/AbstractQueuedSynchronizer$Node;)V @ 1 c2
Event: 0.524 Thread 0x00000226ff0671a0 DEOPT PACKING pc=0x00000226f1d4cf60 sp=0x00000057f5eff3c0
Event: 0.524 Thread 0x00000226ff0671a0 DEOPT UNPACKING pc=0x00000226f17c46a2 sp=0x00000057f5eff350 mode 2
Event: 0.524 Thread 0x00000226ff0671a0 Uncommon trap: trap_request=0xffffff45 fr.pc=0x00000226f1d4da00 relative=0x0000000000000160
Event: 0.524 Thread 0x00000226ff0671a0 Uncommon trap: reason=unstable_if action=reinterpret pc=0x00000226f1d4da00 method=java.util.concurrent.locks.ReentrantLock$NonfairSync.initialTryLock()Z @ 10 c2
Event: 0.524 Thread 0x00000226ff0671a0 DEOPT PACKING pc=0x00000226f1d4da00 sp=0x00000057f5eff330
Event: 0.524 Thread 0x00000226ff0671a0 DEOPT UNPACKING pc=0x00000226f17c46a2 sp=0x00000057f5eff2e0 mode 2

Classes loaded (20 events):
Event: 0.345 Loading class java/util/EventListener
Event: 0.345 Loading class java/util/EventListener done
Event: 0.362 Loading class java/util/regex/Pattern$Loop
Event: 0.362 Loading class java/util/regex/Pattern$Loop done
Event: 0.362 Loading class java/util/regex/Pattern$Prolog
Event: 0.362 Loading class java/util/regex/Pattern$Prolog done
Event: 0.362 Loading class java/util/StringTokenizer
Event: 0.362 Loading class java/util/StringTokenizer done
Event: 0.372 Loading class java/lang/reflect/TypeVariable
Event: 0.372 Loading class java/lang/reflect/TypeVariable done
Event: 0.372 Loading class java/lang/InstantiationException
Event: 0.372 Loading class java/lang/InstantiationException done
Event: 0.373 Loading class java/lang/reflect/AnnotatedType
Event: 0.373 Loading class java/lang/reflect/AnnotatedType done
Event: 0.374 Loading class java/security/AllPermissionCollection
Event: 0.374 Loading class java/security/AllPermissionCollection done
Event: 0.378 Loading class java/util/LinkedList$ListItr
Event: 0.378 Loading class java/util/LinkedList$ListItr done
Event: 0.379 Loading class java/io/SequenceInputStream
Event: 0.379 Loading class java/io/SequenceInputStream done

Classes unloaded (0 events):
No events

Classes redefined (0 events):
No events

Internal exceptions (14 events):
Event: 0.079 Thread 0x00000226de825b00 Exception <a 'java/lang/NoSuchMethodError'{0x000000071a6b1ad0}: 'void java.lang.invoke.DirectMethodHandle$Holder.invokeStatic(java.lang.Object, java.lang.Object, java.lang.Object, java.lang.Object)'> (0x000000071a6b1ad0) 
thrown [s\src\hotspot\share\interpreter\linkResolver.cpp, line 773]
Event: 0.079 Thread 0x00000226de825b00 Exception <a 'java/lang/NoSuchMethodError'{0x000000071a6b5a20}: 'void java.lang.invoke.DirectMethodHandle$Holder.invokeSpecial(java.lang.Object, java.lang.Object, java.lang.Object, java.lang.Object, java.lang.Object)'> (0x000000071a6b5a20) 
thrown [s\src\hotspot\share\interpreter\linkResolver.cpp, line 773]
Event: 0.082 Thread 0x00000226de825b00 Exception <a 'java/lang/NoSuchMethodError'{0x000000071a6cdb80}: 'java.lang.Object java.lang.invoke.Invokers$Holder.invokeExact_MT(java.lang.Object, java.lang.Object, java.lang.Object, java.lang.Object, java.lang.Object, java.lang.Object)'> (0x000000071a6cdb80) 
thrown [s\src\hotspot\share\interpreter\linkResolver.cpp, line 773]
Event: 0.083 Thread 0x00000226de825b00 Exception <a 'java/lang/NoSuchMethodError'{0x000000071a6d2ae8}: 'void java.lang.invoke.DirectMethodHandle$Holder.invokeStatic(java.lang.Object, java.lang.Object)'> (0x000000071a6d2ae8) 
thrown [s\src\hotspot\share\interpreter\linkResolver.cpp, line 773]
Event: 0.215 Thread 0x00000226de825b00 Exception <a 'java/lang/NoSuchMethodError'{0x000000071a7e1ad8}: 'void java.lang.invoke.DirectMethodHandle$Holder.invokeSpecial(java.lang.Object, java.lang.Object, java.lang.Object)'> (0x000000071a7e1ad8) 
thrown [s\src\hotspot\share\interpreter\linkResolver.cpp, line 773]
Event: 0.221 Thread 0x00000226de825b00 Exception <a 'java/lang/NoSuchMethodError'{0x000000071a40a0c0}: 'void java.lang.invoke.DirectMethodHandle$Holder.invokeStatic(java.lang.Object, java.lang.Object, java.lang.Object)'> (0x000000071a40a0c0) 
thrown [s\src\hotspot\share\interpreter\linkResolver.cpp, line 773]
Event: 0.243 Thread 0x00000226de825b00 Exception <a 'java/lang/NoSuchMethodError'{0x000000071a4114e8}: 'int java.lang.invoke.DirectMethodHandle$Holder.invokeStaticInit(java.lang.Object, java.lang.Object, java.lang.Object)'> (0x000000071a4114e8) 
thrown [s\src\hotspot\share\interpreter\linkResolver.cpp, line 773]
Event: 0.253 Thread 0x00000226de825b00 Exception <a 'java/lang/NoSuchMethodError'{0x000000071a438d18}: 'java.lang.Object java.lang.invoke.DirectMethodHandle$Holder.newInvokeSpecial(java.lang.Object, java.lang.Object, int, java.lang.Object)'> (0x000000071a438d18) 
thrown [s\src\hotspot\share\interpreter\linkResolver.cpp, line 773]
Event: 0.254 Thread 0x00000226de825b00 Exception <a 'java/lang/NoSuchMethodError'{0x000000071a43ce70}: 'java.lang.Object java.lang.invoke.DirectMethodHandle$Holder.invokeSpecial(java.lang.Object, java.lang.Object, java.lang.Object, int, java.lang.Object)'> (0x000000071a43ce70) 
thrown [s\src\hotspot\share\interpreter\linkResolver.cpp, line 773]
Event: 0.302 Thread 0x00000226c706dce0 Exception <a 'java/lang/NoSuchMethodError'{0x000000071a56b500}: 'void java.lang.invoke.DirectMethodHandle$Holder.invokeStaticInit(java.lang.Object)'> (0x000000071a56b500) 
thrown [s\src\hotspot\share\interpreter\linkResolver.cpp, line 773]
Event: 0.304 Thread 0x00000226de825b00 Exception <a 'java/lang/NoSuchMethodError'{0x000000071a450298}: 'java.lang.Object java.lang.invoke.DirectMethodHandle$Holder.newInvokeSpecial(java.lang.Object, java.lang.Object, java.lang.Object, java.lang.Object, java.lang.Object, java.lang.Object)'> (0x000000071a450298) 
thrown [s\src\hotspot\share\interpreter\linkResolver.cpp, line 773]
Event: 0.308 Thread 0x00000226de825b00 Exception <a 'java/lang/NoSuchMethodError'{0x000000071a469c28}: 'java.lang.Object java.lang.invoke.DirectMethodHandle$Holder.newInvokeSpecial(java.lang.Object, java.lang.Object, java.lang.Object, java.lang.Object, java.lang.Object)'> (0x000000071a469c28) 
thrown [s\src\hotspot\share\interpreter\linkResolver.cpp, line 773]
Event: 0.357 Thread 0x00000226c706dce0 Exception <a 'java/lang/NoSuchMethodError'{0x000000071a331978}: 'java.lang.Object java.lang.invoke.DirectMethodHandle$Holder.invokeStaticInit(java.lang.Object, java.lang.Object, java.lang.Object, java.lang.Object)'> (0x000000071a331978) 
thrown [s\src\hotspot\share\interpreter\linkResolver.cpp, line 773]
Event: 0.358 Thread 0x00000226c706dce0 Exception <a 'java/lang/NullPointerException'{0x000000071a339780}> (0x000000071a339780) 
thrown [s\src\hotspot\share\interpreter\linkResolver.cpp, line 1372]

ZGC Phase Switch (0 events):
No events

VM Operations (20 events):
Event: 0.659 Executing VM operation: G1TryInitiateConcMark (G1 Humongous Allocation) done
Event: 0.664 Executing VM operation: G1TryInitiateConcMark (G1 Humongous Allocation)
Event: 0.667 Executing VM operation: G1TryInitiateConcMark (G1 Humongous Allocation) done
Event: 0.668 Executing VM operation: G1PauseRemark
Event: 0.669 Executing VM operation: G1PauseRemark done
Event: 0.669 Executing VM operation: G1PauseCleanup
Event: 0.669 Executing VM operation: G1PauseCleanup done
Event: 0.672 Executing VM operation: G1TryInitiateConcMark (G1 Humongous Allocation)
Event: 0.673 Executing VM operation: G1TryInitiateConcMark (G1 Humongous Allocation) done
Event: 0.674 Executing VM operation: G1PauseRemark
Event: 0.674 Executing VM operation: G1PauseRemark done
Event: 0.675 Executing VM operation: G1PauseCleanup
Event: 0.675 Executing VM operation: G1PauseCleanup done
Event: 0.677 Executing VM operation: G1TryInitiateConcMark (G1 Humongous Allocation)
Event: 0.679 Executing VM operation: G1TryInitiateConcMark (G1 Humongous Allocation) done
Event: 0.680 Executing VM operation: G1PauseRemark
Event: 0.680 Executing VM operation: G1PauseRemark done
Event: 0.681 Executing VM operation: G1PauseCleanup
Event: 0.681 Executing VM operation: G1PauseCleanup done
Event: 0.682 Executing VM operation: G1TryInitiateConcMark (G1 Humongous Allocation)

Events (20 events):
Event: 0.609 Thread 0x00000226ff048240 flushing nmethod 0x00000226ea245310
Event: 0.609 Thread 0x00000226ff048240 flushing nmethod 0x00000226ea244190
Event: 0.609 Thread 0x00000226ff048240 flushing nmethod 0x00000226ea257610
Event: 0.609 Thread 0x00000226ff048240 flushing nmethod 0x00000226ea257210
Event: 0.609 Thread 0x00000226ff048240 flushing nmethod 0x00000226ea249f10
Event: 0.609 Thread 0x00000226ff048240 flushing nmethod 0x00000226ea256990
Event: 0.609 Thread 0x00000226ff048240 flushing nmethod 0x00000226f1d44110
Event: 0.609 Thread 0x00000226ff048240 flushing nmethod 0x00000226ea242510
Event: 0.609 Thread 0x00000226ff048240 flushing nmethod 0x00000226ea255d10
Event: 0.609 Thread 0x00000226ff048240 flushing nmethod 0x00000226ea248590
Event: 0.609 Thread 0x00000226ff048240 flushing nmethod 0x00000226f1d4d710
Event: 0.609 Thread 0x00000226ff048240 flushing nmethod 0x00000226ea248110
Event: 0.609 Thread 0x00000226ff048240 flushing nmethod 0x00000226ea247d90
Event: 0.609 Thread 0x00000226ff048240 flushing nmethod 0x00000226f1d4cd90
Event: 0.609 Thread 0x00000226ff048240 flushing nmethod 0x00000226ea240e90
Event: 0.609 Thread 0x00000226ff048240 flushing nmethod 0x00000226ea240a10
Event: 0.609 Thread 0x00000226ff048240 flushing nmethod 0x00000226ea240390
Event: 0.609 Thread 0x00000226ff048240 flushing nmethod 0x00000226ea240010
Event: 0.609 Thread 0x00000226ff048240 flushing nmethod 0x00000226f1d29a90
Event: 0.609 Thread 0x00000226ff048240 flushing nmethod 0x00000226f1d11f90


Dynamic libraries:
0x00007ff756f40000 - 0x00007ff756f4e000 	C:\Program Files\Java\zulu21.28.85-ca-fx-jdk21.0.0-win_x64\bin\java.exe
0x00007ff8b6810000 - 0x00007ff8b6a27000 	C:\Windows\SYSTEM32\ntdll.dll
0x00007ff8b49b0000 - 0x00007ff8b4a74000 	C:\Windows\System32\KERNEL32.DLL
0x00007ff8b3f40000 - 0x00007ff8b42e5000 	C:\Windows\System32\KERNELBASE.dll
0x00007ff8b4320000 - 0x00007ff8b4431000 	C:\Windows\System32\ucrtbase.dll
0x00007ff8afa30000 - 0x00007ff8afa4b000 	C:\Program Files\Java\zulu21.28.85-ca-fx-jdk21.0.0-win_x64\bin\VCRUNTIME140.dll
0x00007ff8afb50000 - 0x00007ff8afb68000 	C:\Program Files\Java\zulu21.28.85-ca-fx-jdk21.0.0-win_x64\bin\jli.dll
0x00007ff8b4640000 - 0x00007ff8b47ee000 	C:\Windows\System32\USER32.dll
0x00007ff89ac70000 - 0x00007ff89af03000 	C:\Windows\WinSxS\amd64_microsoft.windows.common-controls_6595b64144ccf1df_6.0.22621.2706_none_270c5aa17388e1a2\COMCTL32.dll
0x00007ff8b42f0000 - 0x00007ff8b4316000 	C:\Windows\System32\win32u.dll
0x00007ff8b6200000 - 0x00007ff8b62a7000 	C:\Windows\System32\msvcrt.dll
0x00007ff8b56e0000 - 0x00007ff8b5709000 	C:\Windows\System32\GDI32.dll
0x00007ff8b3db0000 - 0x00007ff8b3ec9000 	C:\Windows\System32\gdi32full.dll
0x00007ff8b4440000 - 0x00007ff8b44da000 	C:\Windows\System32\msvcp_win.dll
0x00007ff8b5a70000 - 0x00007ff8b5aa1000 	C:\Windows\System32\IMM32.DLL
0x00007ff8afb20000 - 0x00007ff8afb2c000 	C:\Program Files\Java\zulu21.28.85-ca-fx-jdk21.0.0-win_x64\bin\vcruntime140_1.dll
0x00007ff89c5d0000 - 0x00007ff89c65e000 	C:\Program Files\Java\zulu21.28.85-ca-fx-jdk21.0.0-win_x64\bin\msvcp140.dll
0x00007ff821390000 - 0x00007ff82211b000 	C:\Program Files\Java\zulu21.28.85-ca-fx-jdk21.0.0-win_x64\bin\server\jvm.dll
0x00007ff8b57f0000 - 0x00007ff8b58a1000 	C:\Windows\System32\ADVAPI32.dll
0x00007ff8b4560000 - 0x00007ff8b4606000 	C:\Windows\System32\sechost.dll
0x00007ff8b55c0000 - 0x00007ff8b56d7000 	C:\Windows\System32\RPCRT4.dll
0x00007ff8b4850000 - 0x00007ff8b48c1000 	C:\Windows\System32\WS2_32.dll
0x00007ff8b38a0000 - 0x00007ff8b38ed000 	C:\Windows\SYSTEM32\POWRPROF.dll
0x00007ff8aff00000 - 0x00007ff8aff34000 	C:\Windows\SYSTEM32\WINMM.dll
0x00007ff8ade80000 - 0x00007ff8ade8a000 	C:\Windows\SYSTEM32\VERSION.dll
0x00007ff8b3880000 - 0x00007ff8b3893000 	C:\Windows\SYSTEM32\UMPDC.dll
0x00007ff8b2b20000 - 0x00007ff8b2b38000 	C:\Windows\SYSTEM32\kernel.appcore.dll
0x00007ff8af860000 - 0x00007ff8af86a000 	C:\Program Files\Java\zulu21.28.85-ca-fx-jdk21.0.0-win_x64\bin\jimage.dll
0x00007ff8ae430000 - 0x00007ff8ae663000 	C:\Windows\SYSTEM32\DBGHELP.DLL
0x00007ff8b6330000 - 0x00007ff8b66b9000 	C:\Windows\System32\combase.dll
0x00007ff8b5710000 - 0x00007ff8b57e7000 	C:\Windows\System32\OLEAUT32.dll
0x00007ff89ab00000 - 0x00007ff89ab32000 	C:\Windows\SYSTEM32\dbgcore.DLL
0x00007ff8b44e0000 - 0x00007ff8b455a000 	C:\Windows\System32\bcryptPrimitives.dll
0x00007ff8a4060000 - 0x00007ff8a407f000 	C:\Program Files\Java\zulu21.28.85-ca-fx-jdk21.0.0-win_x64\bin\java.dll
0x00007ff8b4a90000 - 0x00007ff8b52e9000 	C:\Windows\System32\SHELL32.dll
0x00007ff8b1c00000 - 0x00007ff8b24f6000 	C:\Windows\SYSTEM32\windows.storage.dll
0x00007ff8b1ac0000 - 0x00007ff8b1bfe000 	C:\Windows\SYSTEM32\wintypes.dll
0x00007ff8b5f30000 - 0x00007ff8b6023000 	C:\Windows\System32\SHCORE.dll
0x00007ff8b47f0000 - 0x00007ff8b484e000 	C:\Windows\System32\shlwapi.dll
0x00007ff8b3ab0000 - 0x00007ff8b3ad6000 	C:\Windows\SYSTEM32\profapi.dll
0x00007ff89c4f0000 - 0x00007ff89c5c7000 	C:\Program Files\Java\zulu21.28.85-ca-fx-jdk21.0.0-win_x64\bin\jsvml.dll
0x00007ff8a4050000 - 0x00007ff8a4060000 	C:\Program Files\Java\zulu21.28.85-ca-fx-jdk21.0.0-win_x64\bin\net.dll
0x00007ff8b0240000 - 0x00007ff8b0377000 	C:\Windows\SYSTEM32\WINHTTP.dll
0x00007ff8b3000000 - 0x00007ff8b3069000 	C:\Windows\system32\mswsock.dll
0x00007ff89c4d0000 - 0x00007ff89c4e6000 	C:\Program Files\Java\zulu21.28.85-ca-fx-jdk21.0.0-win_x64\bin\nio.dll
0x00007ff89c4b0000 - 0x00007ff89c4c8000 	C:\Program Files\Java\zulu21.28.85-ca-fx-jdk21.0.0-win_x64\bin\zip.dll
0x00000226deab0000 - 0x00000226deab4000 	C:\Program Files\Java\zulu21.28.85-ca-fx-jdk21.0.0-win_x64\bin\api-ms-win-core-console-l1-1-0.dll
0x00000226deac0000 - 0x00000226deac4000 	C:\Program Files\Java\zulu21.28.85-ca-fx-jdk21.0.0-win_x64\bin\api-ms-win-core-console-l1-2-0.dll
0x00000226dead0000 - 0x00000226dead4000 	C:\Program Files\Java\zulu21.28.85-ca-fx-jdk21.0.0-win_x64\bin\api-ms-win-core-datetime-l1-1-0.dll
0x00000226e09c0000 - 0x00000226e09c4000 	C:\Program Files\Java\zulu21.28.85-ca-fx-jdk21.0.0-win_x64\bin\api-ms-win-core-debug-l1-1-0.dll
0x00000226e09d0000 - 0x00000226e09d4000 	C:\Program Files\Java\zulu21.28.85-ca-fx-jdk21.0.0-win_x64\bin\api-ms-win-core-errorhandling-l1-1-0.dll
0x00000226e09e0000 - 0x00000226e09e5000 	C:\Program Files\Java\zulu21.28.85-ca-fx-jdk21.0.0-win_x64\bin\api-ms-win-core-file-l1-1-0.dll
0x00000226e09f0000 - 0x00000226e09f4000 	C:\Program Files\Java\zulu21.28.85-ca-fx-jdk21.0.0-win_x64\bin\api-ms-win-core-file-l1-2-0.dll
0x00000226e0a00000 - 0x00000226e0a04000 	C:\Program Files\Java\zulu21.28.85-ca-fx-jdk21.0.0-win_x64\bin\api-ms-win-core-file-l2-1-0.dll
0x00000226e0a10000 - 0x00000226e0a14000 	C:\Program Files\Java\zulu21.28.85-ca-fx-jdk21.0.0-win_x64\bin\api-ms-win-core-handle-l1-1-0.dll
0x00000226e0a20000 - 0x00000226e0a24000 	C:\Program Files\Java\zulu21.28.85-ca-fx-jdk21.0.0-win_x64\bin\api-ms-win-core-heap-l1-1-0.dll
0x00000226e0a30000 - 0x00000226e0a34000 	C:\Program Files\Java\zulu21.28.85-ca-fx-jdk21.0.0-win_x64\bin\api-ms-win-core-interlocked-l1-1-0.dll
0x00000226e0a40000 - 0x00000226e0a44000 	C:\Program Files\Java\zulu21.28.85-ca-fx-jdk21.0.0-win_x64\bin\api-ms-win-core-libraryloader-l1-1-0.dll
0x00000226e0a50000 - 0x00000226e0a54000 	C:\Program Files\Java\zulu21.28.85-ca-fx-jdk21.0.0-win_x64\bin\api-ms-win-core-localization-l1-2-0.dll
0x00000226e0a60000 - 0x00000226e0a64000 	C:\Program Files\Java\zulu21.28.85-ca-fx-jdk21.0.0-win_x64\bin\api-ms-win-core-memory-l1-1-0.dll
0x00000226e0a70000 - 0x00000226e0a74000 	C:\Program Files\Java\zulu21.28.85-ca-fx-jdk21.0.0-win_x64\bin\api-ms-win-core-namedpipe-l1-1-0.dll
0x00000226e0a80000 - 0x00000226e0a84000 	C:\Program Files\Java\zulu21.28.85-ca-fx-jdk21.0.0-win_x64\bin\api-ms-win-core-processenvironment-l1-1-0.dll
0x00000226ff5c0000 - 0x00000226ff5c4000 	C:\Program Files\Java\zulu21.28.85-ca-fx-jdk21.0.0-win_x64\bin\api-ms-win-core-processthreads-l1-1-0.dll
0x00000226ff5d0000 - 0x00000226ff5d4000 	C:\Program Files\Java\zulu21.28.85-ca-fx-jdk21.0.0-win_x64\bin\api-ms-win-core-processthreads-l1-1-1.dll
0x00000226ff5e0000 - 0x00000226ff5e4000 	C:\Program Files\Java\zulu21.28.85-ca-fx-jdk21.0.0-win_x64\bin\api-ms-win-core-profile-l1-1-0.dll
0x00000226ff5f0000 - 0x00000226ff5f4000 	C:\Program Files\Java\zulu21.28.85-ca-fx-jdk21.0.0-win_x64\bin\api-ms-win-core-rtlsupport-l1-1-0.dll
0x00000226ff600000 - 0x00000226ff604000 	C:\Program Files\Java\zulu21.28.85-ca-fx-jdk21.0.0-win_x64\bin\api-ms-win-core-string-l1-1-0.dll
0x00000226ff610000 - 0x00000226ff614000 	C:\Program Files\Java\zulu21.28.85-ca-fx-jdk21.0.0-win_x64\bin\api-ms-win-core-synch-l1-1-0.dll
0x00000226ff620000 - 0x00000226ff624000 	C:\Program Files\Java\zulu21.28.85-ca-fx-jdk21.0.0-win_x64\bin\api-ms-win-core-synch-l1-2-0.dll
0x00000226ff630000 - 0x00000226ff634000 	C:\Program Files\Java\zulu21.28.85-ca-fx-jdk21.0.0-win_x64\bin\api-ms-win-core-sysinfo-l1-1-0.dll
0x00000226ff640000 - 0x00000226ff644000 	C:\Program Files\Java\zulu21.28.85-ca-fx-jdk21.0.0-win_x64\bin\api-ms-win-core-timezone-l1-1-0.dll
0x00000226ff650000 - 0x00000226ff654000 	C:\Program Files\Java\zulu21.28.85-ca-fx-jdk21.0.0-win_x64\bin\api-ms-win-core-util-l1-1-0.dll
0x00000226ff660000 - 0x00000226ff664000 	C:\Program Files\Java\zulu21.28.85-ca-fx-jdk21.0.0-win_x64\bin\api-ms-win-crt-conio-l1-1-0.dll
0x00000226ff670000 - 0x00000226ff675000 	C:\Program Files\Java\zulu21.28.85-ca-fx-jdk21.0.0-win_x64\bin\api-ms-win-crt-convert-l1-1-0.dll
0x00000226ff680000 - 0x00000226ff684000 	C:\Program Files\Java\zulu21.28.85-ca-fx-jdk21.0.0-win_x64\bin\api-ms-win-crt-environment-l1-1-0.dll
0x00000226ff690000 - 0x00000226ff694000 	C:\Program Files\Java\zulu21.28.85-ca-fx-jdk21.0.0-win_x64\bin\api-ms-win-crt-filesystem-l1-1-0.dll
0x00000226ff6a0000 - 0x00000226ff6a4000 	C:\Program Files\Java\zulu21.28.85-ca-fx-jdk21.0.0-win_x64\bin\api-ms-win-crt-heap-l1-1-0.dll
0x00000226ff6b0000 - 0x00000226ff6b4000 	C:\Program Files\Java\zulu21.28.85-ca-fx-jdk21.0.0-win_x64\bin\api-ms-win-crt-locale-l1-1-0.dll
0x00000226ff6c0000 - 0x00000226ff6c6000 	C:\Program Files\Java\zulu21.28.85-ca-fx-jdk21.0.0-win_x64\bin\api-ms-win-crt-math-l1-1-0.dll
0x00000226ff6d0000 - 0x00000226ff6d6000 	C:\Program Files\Java\zulu21.28.85-ca-fx-jdk21.0.0-win_x64\bin\api-ms-win-crt-multibyte-l1-1-0.dll
0x00000226ff6e0000 - 0x00000226ff6f1000 	C:\Program Files\Java\zulu21.28.85-ca-fx-jdk21.0.0-win_x64\bin\api-ms-win-crt-private-l1-1-0.dll
0x00000226ff700000 - 0x00000226ff704000 	C:\Program Files\Java\zulu21.28.85-ca-fx-jdk21.0.0-win_x64\bin\api-ms-win-crt-process-l1-1-0.dll
0x00000226ff710000 - 0x00000226ff715000 	C:\Program Files\Java\zulu21.28.85-ca-fx-jdk21.0.0-win_x64\bin\api-ms-win-crt-runtime-l1-1-0.dll
0x00000226ff720000 - 0x00000226ff725000 	C:\Program Files\Java\zulu21.28.85-ca-fx-jdk21.0.0-win_x64\bin\api-ms-win-crt-stdio-l1-1-0.dll
0x00000226ff730000 - 0x00000226ff735000 	C:\Program Files\Java\zulu21.28.85-ca-fx-jdk21.0.0-win_x64\bin\api-ms-win-crt-string-l1-1-0.dll
0x00000226ff740000 - 0x00000226ff744000 	C:\Program Files\Java\zulu21.28.85-ca-fx-jdk21.0.0-win_x64\bin\api-ms-win-crt-time-l1-1-0.dll
0x00000226ff750000 - 0x00000226ff754000 	C:\Program Files\Java\zulu21.28.85-ca-fx-jdk21.0.0-win_x64\bin\api-ms-win-crt-utility-l1-1-0.dll
0x00007ff89c3a0000 - 0x00007ff89c4b0000 	C:\Program Files\Java\zulu21.28.85-ca-fx-jdk21.0.0-win_x64\bin\ucrtbase.dll
0x00007ff8a3cf0000 - 0x00007ff8a3cf9000 	C:\Program Files\Java\zulu21.28.85-ca-fx-jdk21.0.0-win_x64\bin\msvcp140_1.dll
0x00007ff89c370000 - 0x00007ff89c3a0000 	C:\Program Files\Java\zulu21.28.85-ca-fx-jdk21.0.0-win_x64\bin\msvcp140_2.dll
0x00007ff89c340000 - 0x00007ff89c36f000 	C:\Program Files\Java\zulu21.28.85-ca-fx-jdk21.0.0-win_x64\bin\prism_d3d.dll
0x00007ff8457b0000 - 0x00007ff845959000 	C:\Windows\system32\d3d9.dll
0x00007ff8b1460000 - 0x00007ff8b148b000 	C:\Windows\SYSTEM32\dwmapi.dll
0x00007ff8b11f0000 - 0x00007ff8b1226000 	C:\Windows\SYSTEM32\dxcore.dll
0x00007ff8b10c0000 - 0x00007ff8b116b000 	C:\Windows\system32\uxtheme.dll
0x00007ff8a90d0000 - 0x00007ff8a928b000 	C:\Windows\System32\DriverStore\FileRepository\u0397033.inf_amd64_bf2b1fc18ba7195d\B396953\aticfx64.dll
0x00007ff847430000 - 0x00007ff847464000 	C:\Windows\System32\DriverStore\FileRepository\u0397033.inf_amd64_bf2b1fc18ba7195d\B396953\atiu9p64.dll
0x00007ff839600000 - 0x00007ff83a347000 	C:\Windows\System32\DriverStore\FileRepository\u0397033.inf_amd64_bf2b1fc18ba7195d\B396953\atiumd64.dll
0x00007ff8b58b0000 - 0x00007ff8b5a50000 	C:\Windows\System32\ole32.dll
0x0000000072030000 - 0x0000000072f43000 	C:\Windows\System32\DriverStore\FileRepository\u0397033.inf_amd64_bf2b1fc18ba7195d\B396953\atiumd6a.dll
0x00007ff8b5ab0000 - 0x00007ff8b5f24000 	C:\Windows\System32\SETUPAPI.dll
0x00007ff8a69f0000 - 0x00007ff8a6a25000 	C:\Windows\SYSTEM32\amdihk64.dll
0x00007ff8a9560000 - 0x00007ff8a95aa000 	C:\Windows\SYSTEM32\directxdatabasehelper.dll
0x00007ff89c2f0000 - 0x00007ff89c332000 	C:\Program Files\Java\zulu21.28.85-ca-fx-jdk21.0.0-win_x64\bin\glass.dll
0x00007ff8b5370000 - 0x00007ff8b5469000 	C:\Windows\System32\COMDLG32.dll
0x00007ff8b5470000 - 0x00007ff8b55c0000 	C:\Windows\System32\MSCTF.dll

dbghelp: loaded successfully - version: 4.0.5 - missing functions: none
symbol engine: initialized successfully - sym options: 0x614 - pdb path: .;C:\Program Files\Java\zulu21.28.85-ca-fx-jdk21.0.0-win_x64\bin;C:\Windows\SYSTEM32;C:\Windows\WinSxS\amd64_microsoft.windows.common-controls_6595b64144ccf1df_6.0.22621.2706_none_270c5aa17388e1a2;C:\Program Files\Java\zulu21.28.85-ca-fx-jdk21.0.0-win_x64\bin\server;C:\Windows\System32\DriverStore\FileRepository\u0397033.inf_amd64_bf2b1fc18ba7195d\B396953

VM Arguments:
jvm_args: -Dfile.encoding=UTF-8 
java_command: main.EduHub
java_class_path (initial): D:\Java File\mysql-connector-j-8.1.0.jar;D:\NetBeans\EduHub\build\classes
Launcher Type: SUN_STANDARD

[Global flags]
     intx CICompilerCount                          = 4                                         {product} {ergonomic}
     uint ConcGCThreads                            = 3                                         {product} {ergonomic}
     uint G1ConcRefinementThreads                  = 10                                        {product} {ergonomic}
   size_t G1HeapRegionSize                         = 2097152                                   {product} {ergonomic}
    uintx GCDrainStackTargetSize                   = 64                                        {product} {ergonomic}
   size_t InitialHeapSize                          = 257949696                                 {product} {ergonomic}
   size_t MarkStackSize                            = 4194304                                   {product} {ergonomic}
   size_t MaxHeapSize                              = 4106223616                                {product} {ergonomic}
   size_t MaxNewSize                               = 2462056448                                {product} {ergonomic}
   size_t MinHeapDeltaBytes                        = 2097152                                   {product} {ergonomic}
   size_t MinHeapSize                              = 8388608                                   {product} {ergonomic}
    uintx NonNMethodCodeHeapSize                   = 5839372                                {pd product} {ergonomic}
    uintx NonProfiledCodeHeapSize                  = 122909434                              {pd product} {ergonomic}
    uintx ProfiledCodeHeapSize                     = 122909434                              {pd product} {ergonomic}
    uintx ReservedCodeCacheSize                    = 251658240                              {pd product} {ergonomic}
     bool SegmentedCodeCache                       = true                                      {product} {ergonomic}
   size_t SoftMaxHeapSize                          = 4106223616                             {manageable} {ergonomic}
     bool UseCompressedOops                        = true                           {product lp64_product} {ergonomic}
     bool UseG1GC                                  = true                                      {product} {ergonomic}
     bool UseLargePagesIndividualAllocation        = false                                  {pd product} {ergonomic}

Logging:
Log output configuration:
 #0: stdout all=warning uptime,level,tags foldmultilines=false
 #1: stderr all=off uptime,level,tags foldmultilines=false

Environment Variables:
PATH=C:\Program Files (x86)\CC386\bin;C:\Program Files\Microsoft\jdk-11.0.16.101-hotspot\bin;C:\Program Files\Common Files\Oracle\Java\javapath;C:\Windows\system32;C:\Windows;C:\Windows\System32\Wbem;C:\Windows\System32\WindowsPowerShell\v1.0\;C:\Windows\System32\OpenSSH\;C:\Program Files\dotnet\;C:\MinGW\bin;C:\Users\jcarl\AppData\Local\Microsoft\WindowsApps;;C:\Users\jcarl\AppData\Local\Programs\Microsoft VS Code\bin;C:\Users\jcarl\.dotnet\tools
USERNAME=jcarl
OS=Windows_NT
PROCESSOR_IDENTIFIER=AMD64 Family 25 Model 80 Stepping 0, AuthenticAMD
TMP=C:\Users\jcarl\AppData\Local\Temp
TEMP=C:\Users\jcarl\AppData\Local\Temp




---------------  S Y S T E M  ---------------

OS:
 Windows 11 , 64 bit Build 22621 (10.0.22621.2706)
OS uptime: 0 days 6:00 hours

CPU: total 12 (initial active 12) (12 cores per cpu, 2 threads per core) family 25 model 80 stepping 0 microcode 0x0, cx8, cmov, fxsr, ht, mmx, 3dnowpref, sse, sse2, sse3, ssse3, sse4a, sse4.1, sse4.2, popcnt, lzcnt, tsc, tscinvbit, avx, avx2, aes, erms, clmul, bmi1, bmi2, adx, sha, fma, vzeroupper, clflush, clflushopt, rdtscp, rdpid, fsrm, f16c, pku, cet_ss
Processor Information for all 12 processors :
  Max Mhz: 3901, Current Mhz: 3901, Mhz Limit: 3901

Memory: 4k page, system-wide physical 15663M (1689M free)
TotalPageFile size 44181M (AvailPageFile size 172M)
current process WorkingSet (physical memory assigned to process): 235M, peak: 235M
current process commit charge ("private bytes"): 423M, peak: 833M

vm_info: OpenJDK 64-Bit Server VM (21+35) for windows-amd64 JRE (21+35) (Zulu21.28+85-CA), built on 2023-08-25T12:47:19Z by "zulu_re" with MS VC++ 17.1 (VS2022)

END.
