#
# There is insufficient memory for the Java Runtime Environment to continue.
# Native memory allocation (mmap) failed to map 257949696 bytes for G1 virtual space
# Possible reasons:
#   The system is out of physical RAM or swap space
#   The process is running with CompressedOops enabled, and the Java Heap may be blocking the growth of the native heap
# Possible solutions:
#   Reduce memory load on the system
#   Increase physical memory or swap space
#   Check if swap backing store is full
#   Decrease Java heap size (-Xmx/-Xms)
#   Decrease number of Java threads
#   Decrease Java thread stack sizes (-Xss)
#   Set larger code cache with -XX:ReservedCodeCacheSize=
#   JVM is running with Zero Based Compressed Oops mode in which the Java heap is
#     placed in the first 32GB address space. The Java Heap base address is the
#     maximum limit for the native heap growth. Please use -XX:HeapBaseMinAddress
#     to set the Java Heap base and to place the Java Heap above 32GB virtual address.
# This output file may be truncated or incomplete.
#
#  Out of Memory Error (os_windows.cpp:3600), pid=25356, tid=24764
#
# JRE version:  (21.0+35) (build )
# Java VM: OpenJDK 64-Bit Server VM (21+35, mixed mode, sharing, tiered, compressed oops, compressed class ptrs, g1 gc, windows-amd64)
# No core dump will be written. Minidumps are not enabled by default on client versions of Windows
#

---------------  S U M M A R Y ------------

Command Line: -Dfile.encoding=UTF-8 main.EduHub

Host: AMD Ryzen 5 PRO 4650G with Radeon Graphics, 12 cores, 15G,  Windows 11 , 64 bit Build 22621 (10.0.22621.2428)
Time: Tue Nov 21 15:45:54 2023 Malay Peninsula Standard Time elapsed time: 0.017122 seconds (0d 0h 0m 0s)

---------------  T H R E A D  ---------------

Current thread (0x0000015e25c7a3d0):  JavaThread "Unknown thread" [_thread_in_vm, id=24764, stack(0x000000184af00000,0x000000184b000000) (1024K)]

Stack: [0x000000184af00000,0x000000184b000000]
Native frames: (J=compiled Java code, j=interpreted, Vv=VM code, C=native code)
V  [jvm.dll+0x6ce729]
V  [jvm.dll+0x8a9401]
V  [jvm.dll+0x8ab67e]
V  [jvm.dll+0x8abd53]
V  [jvm.dll+0x283be6]
V  [jvm.dll+0x6cae15]
V  [jvm.dll+0x6bf80a]
V  [jvm.dll+0x358f2a]
V  [jvm.dll+0x360b06]
V  [jvm.dll+0x3b18ce]
V  [jvm.dll+0x3b1b78]
V  [jvm.dll+0x32c87c]
V  [jvm.dll+0x32d40b]
V  [jvm.dll+0x871749]
V  [jvm.dll+0x3bec01]
V  [jvm.dll+0x85a648]
V  [jvm.dll+0x4527fe]
V  [jvm.dll+0x4542c1]
C  [jli.dll+0x52a3]
C  [ucrtbase.dll+0x29363]
C  [KERNEL32.DLL+0x1257d]
C  [ntdll.dll+0x5aa78]


---------------  P R O C E S S  ---------------

Threads class SMR info:
_java_thread_list=0x00007ffdb6897048, length=0, elements={
}

Java Threads: ( => current thread )
Total: 0

Other Threads:
  0x0000015e27f0aa30 WorkerThread "GC Thread#0"                     [id=15604, stack(0x000000184b000000,0x000000184b100000) (1024K)]
  0x0000015e27f1b160 ConcurrentGCThread "G1 Main Marker"            [id=6564, stack(0x000000184b100000,0x000000184b200000) (1024K)]
  0x0000015e27f1cc10 WorkerThread "G1 Conc#0"                       [id=9672, stack(0x000000184b200000,0x000000184b300000) (1024K)]

[error occurred during error reporting (printing all threads), id 0xc0000005, EXCEPTION_ACCESS_VIOLATION (0xc0000005) at pc=0x00007ffdb5f9fa07]
VM state: not at safepoint (not fully initialized)

VM Mutex/Monitor currently owned by a thread:  ([mutex/lock_event])
[0x00007ffdb690aa98] Heap_lock - owner thread: 0x0000015e25c7a3d0

Heap address: 0x000000070b400000, size: 3916 MB, Compressed Oops mode: Zero based, Oop shift amount: 3

CDS archive(s) mapped at: [0x0000000000000000-0x0000000000000000-0x0000000000000000), size 0, SharedBaseAddress: 0x0000000800000000, ArchiveRelocationMode: 1.
Narrow klass base: 0x0000000000000000, Narrow klass shift: 0, Narrow klass range: 0x0

GC Precious Log:
 CardTable entry size: 512
 Card Set container configuration: InlinePtr #cards 4 size 8 Array Of Cards #cards 16 size 48 Howl #buckets 8 coarsen threshold 3686 Howl Bitmap #cards 512 size 80 coarsen threshold 460 Card regions per heap region 1 cards per card region 4096

Heap:
 garbage-first heap   total 0K, used 0K [0x000000070b400000, 0x0000000800000000)
  region size 2048K, 0 young (0K), 0 survivors (0K)

[error occurred during error reporting (printing heap information), id 0xc0000005, EXCEPTION_ACCESS_VIOLATION (0xc0000005) at pc=0x00007ffdb6387489]
GC Heap History (0 events):
No events

Dll operation events (1 events):
Event: 0.013 Loaded shared library C:\Program Files\Java\zulu21.28.85-ca-fx-jdk21.0.0-win_x64\bin\java.dll

Deoptimization events (0 events):
No events

Classes loaded (0 events):
No events

Classes unloaded (0 events):
No events

Classes redefined (0 events):
No events

Internal exceptions (0 events):
No events

ZGC Phase Switch (0 events):
No events

VM Operations (0 events):
No events

Events (0 events):
No events


Dynamic libraries:
0x00007ff694510000 - 0x00007ff69451e000 	C:\Program Files\Java\zulu21.28.85-ca-fx-jdk21.0.0-win_x64\bin\java.exe
0x00007ffe42fd0000 - 0x00007ffe431e7000 	C:\Windows\SYSTEM32\ntdll.dll
0x00007ffe0db10000 - 0x00007ffe0db29000 	C:\Program Files\Avast Software\Avast\aswhook.dll
0x00007ffe413c0000 - 0x00007ffe41484000 	C:\Windows\System32\KERNEL32.DLL
0x00007ffe403f0000 - 0x00007ffe40796000 	C:\Windows\System32\KERNELBASE.dll
0x00007ffe40b50000 - 0x00007ffe40c61000 	C:\Windows\System32\ucrtbase.dll
0x00007ffe3c100000 - 0x00007ffe3c11b000 	C:\Program Files\Java\zulu21.28.85-ca-fx-jdk21.0.0-win_x64\bin\VCRUNTIME140.dll
0x00007ffe3c0e0000 - 0x00007ffe3c0f8000 	C:\Program Files\Java\zulu21.28.85-ca-fx-jdk21.0.0-win_x64\bin\jli.dll
0x00007ffe42500000 - 0x00007ffe426ad000 	C:\Windows\System32\USER32.dll
0x00007ffe40ab0000 - 0x00007ffe40ad6000 	C:\Windows\System32\win32u.dll
0x00007ffe41bc0000 - 0x00007ffe41be9000 	C:\Windows\System32\GDI32.dll
0x00007ffe24370000 - 0x00007ffe24603000 	C:\Windows\WinSxS\amd64_microsoft.windows.common-controls_6595b64144ccf1df_6.0.22621.2361_none_2712ced57382f843\COMCTL32.dll
0x00007ffe40990000 - 0x00007ffe40aa8000 	C:\Windows\System32\gdi32full.dll
0x00007ffe42af0000 - 0x00007ffe42b97000 	C:\Windows\System32\msvcrt.dll
0x00007ffe40350000 - 0x00007ffe403ea000 	C:\Windows\System32\msvcp_win.dll
0x00007ffe41380000 - 0x00007ffe413b1000 	C:\Windows\System32\IMM32.DLL
0x00007ffe3d610000 - 0x00007ffe3d61c000 	C:\Program Files\Java\zulu21.28.85-ca-fx-jdk21.0.0-win_x64\bin\vcruntime140_1.dll
0x00007ffe3c050000 - 0x00007ffe3c0de000 	C:\Program Files\Java\zulu21.28.85-ca-fx-jdk21.0.0-win_x64\bin\msvcp140.dll
0x00007ffdb5c60000 - 0x00007ffdb69eb000 	C:\Program Files\Java\zulu21.28.85-ca-fx-jdk21.0.0-win_x64\bin\server\jvm.dll
0x00007ffe42e90000 - 0x00007ffe42f40000 	C:\Windows\System32\ADVAPI32.dll
0x00007ffe42450000 - 0x00007ffe424f6000 	C:\Windows\System32\sechost.dll
0x00007ffe42ba0000 - 0x00007ffe42cb7000 	C:\Windows\System32\RPCRT4.dll
0x00007ffe42d50000 - 0x00007ffe42dc1000 	C:\Windows\System32\WS2_32.dll
0x00007ffe36ab0000 - 0x00007ffe36ae4000 	C:\Windows\SYSTEM32\WINMM.dll
0x00007ffe38ad0000 - 0x00007ffe38ada000 	C:\Windows\SYSTEM32\VERSION.dll
0x00007ffe40070000 - 0x00007ffe400bd000 	C:\Windows\SYSTEM32\POWRPROF.dll
0x00007ffe40050000 - 0x00007ffe40063000 	C:\Windows\SYSTEM32\UMPDC.dll
0x00007ffe3f330000 - 0x00007ffe3f348000 	C:\Windows\SYSTEM32\kernel.appcore.dll
0x00007ffe3c040000 - 0x00007ffe3c04a000 	C:\Program Files\Java\zulu21.28.85-ca-fx-jdk21.0.0-win_x64\bin\jimage.dll
0x00007ffe37920000 - 0x00007ffe37b4e000 	C:\Windows\SYSTEM32\DBGHELP.DLL
0x00007ffe42760000 - 0x00007ffe42aea000 	C:\Windows\System32\combase.dll
0x00007ffe41490000 - 0x00007ffe41567000 	C:\Windows\System32\OLEAUT32.dll
0x00007ffe374d0000 - 0x00007ffe37502000 	C:\Windows\SYSTEM32\dbgcore.DLL
0x00007ffe40910000 - 0x00007ffe4098a000 	C:\Windows\System32\bcryptPrimitives.dll
0x00007ffe3c000000 - 0x00007ffe3c01f000 	C:\Program Files\Java\zulu21.28.85-ca-fx-jdk21.0.0-win_x64\bin\java.dll

dbghelp: loaded successfully - version: 4.0.5 - missing functions: none
symbol engine: initialized successfully - sym options: 0x614 - pdb path: .;C:\Program Files\Java\zulu21.28.85-ca-fx-jdk21.0.0-win_x64\bin;C:\Windows\SYSTEM32;C:\Program Files\Avast Software\Avast;C:\Windows\WinSxS\amd64_microsoft.windows.common-controls_6595b64144ccf1df_6.0.22621.2361_none_2712ced57382f843;C:\Program Files\Java\zulu21.28.85-ca-fx-jdk21.0.0-win_x64\bin\server

VM Arguments:
jvm_args: -Dfile.encoding=UTF-8 
java_command: main.EduHub
java_class_path (initial): C:\Program Files\Java\mysql-connector-j-8.1.0\mysql-connector-j-8.1.0.jar;C:\Users\lugtu\OneDrive\Documents\NetBeansProjects\EduHub\build\classes
Launcher Type: SUN_STANDARD

[Global flags]
     intx CICompilerCount                          = 4                                         {product} {ergonomic}
     uint ConcGCThreads                            = 3                                         {product} {ergonomic}
     uint G1ConcRefinementThreads                  = 10                                        {product} {ergonomic}
   size_t G1HeapRegionSize                         = 2097152                                   {product} {ergonomic}
    uintx GCDrainStackTargetSize                   = 64                                        {product} {ergonomic}
   size_t InitialHeapSize                          = 257949696                                 {product} {ergonomic}
   size_t MarkStackSize                            = 4194304                                   {product} {ergonomic}
   size_t MaxHeapSize                              = 4106223616                                {product} {ergonomic}
   size_t MinHeapDeltaBytes                        = 2097152                                   {product} {ergonomic}
   size_t MinHeapSize                              = 8388608                                   {product} {ergonomic}
    uintx NonNMethodCodeHeapSize                   = 5839372                                {pd product} {ergonomic}
    uintx NonProfiledCodeHeapSize                  = 122909434                              {pd product} {ergonomic}
    uintx ProfiledCodeHeapSize                     = 122909434                              {pd product} {ergonomic}
    uintx ReservedCodeCacheSize                    = 251658240                              {pd product} {ergonomic}
     bool SegmentedCodeCache                       = true                                      {product} {ergonomic}
   size_t SoftMaxHeapSize                          = 4106223616                             {manageable} {ergonomic}
     bool UseCompressedOops                        = true                           {product lp64_product} {ergonomic}
     bool UseG1GC                                  = true                                      {product} {ergonomic}
     bool UseLargePagesIndividualAllocation        = false                                  {pd product} {ergonomic}

Logging:
Log output configuration:
 #0: stdout all=warning uptime,level,tags foldmultilines=false
 #1: stderr all=off uptime,level,tags foldmultilines=false

Environment Variables:
PATH=C:\Program Files\Common Files\Oracle\Java\javapath;C:\Program Files (x86)\Common Files\Intel\Shared Libraries\redist\intel64\compiler;C:\Windows\system32;C:\Windows;C:\Windows\System32\Wbem;C:\Windows\System32\WindowsPowerShell\v1.0\;C:\Windows\System32\OpenSSH\;C:\MinGW\bin;C:\Program Files\Git\cmd;C:\Users\lugtu\AppData\Local\Microsoft\WindowsApps;;C:\Program Files\JetBrains\IntelliJ IDEA Community Edition 2023.2.2\bin;;C:\Users\lugtu\AppData\Local\Programs\Microsoft VS Code\bin
USERNAME=lugtu
OS=Windows_NT
PROCESSOR_IDENTIFIER=AMD64 Family 23 Model 96 Stepping 1, AuthenticAMD
TMP=C:\Users\lugtu\AppData\Local\Temp
TEMP=C:\Users\lugtu\AppData\Local\Temp




---------------  S Y S T E M  ---------------

OS:
 Windows 11 , 64 bit Build 22621 (10.0.22621.2428)
OS uptime: 0 days 5:24 hours

CPU: total 12 (initial active 12) (12 cores per cpu, 2 threads per core) family 23 model 96 stepping 1 microcode 0x0, cx8, cmov, fxsr, ht, mmx, 3dnowpref, sse, sse2, sse3, ssse3, sse4a, sse4.1, sse4.2, popcnt, lzcnt, tsc, tscinvbit, avx, avx2, aes, clmul, bmi1, bmi2, adx, sha, fma, vzeroupper, clflush, clflushopt, rdtscp, rdpid, f16c
Processor Information for all 12 processors :
  Max Mhz: 3701, Current Mhz: 3701, Mhz Limit: 3701

Memory: 4k page, system-wide physical 15660M (2088M free)
TotalPageFile size 62764M (AvailPageFile size 180M)
current process WorkingSet (physical memory assigned to process): 11M, peak: 11M
current process commit charge ("private bytes"): 64M, peak: 310M

vm_info: OpenJDK 64-Bit Server VM (21+35) for windows-amd64 JRE (21+35) (Zulu21.28+85-CA), built on 2023-08-25T12:47:19Z by "zulu_re" with MS VC++ 17.1 (VS2022)

END.
